#
# A fatal error has been detected by the Java Runtime Environment:
#
#  SIGSEGV (0xb) at pc=0x00007fff8b1e9f93, pid=7825, tid=4867
#
# JRE version: Java(TM) SE Runtime Environment (8.0-b132) (build 1.8.0-b132)
# Java VM: Java HotSpot(TM) 64-Bit Server VM (25.0-b70 mixed mode bsd-amd64 compressed oops)
# Problematic frame:
# C  [GLEngine+0x15bf93]  gleRunVertexSubmitImmediate+0x27e3
#
# Failed to write core dump. Core dumps have been disabled. To enable core dumping, try "ulimit -c unlimited" before starting Java again
#
# If you would like to submit a bug report, please visit:
#   http://bugreport.sun.com/bugreport/crash.jsp
# The crash happened outside the Java Virtual Machine in native code.
# See problematic frame for where to report the bug.
#

---------------  T H R E A D  ---------------

Current thread (0x00007f9382003000):  JavaThread "main" [_thread_in_native, id=4867, stack(0x00000001052e6000,0x00000001053e6000)]

siginfo:si_signo=SIGSEGV: si_errno=0, si_code=1 (SEGV_MAPERR), si_addr=0x0000000527aac000

Registers:
RAX=0x00007fff8b1e9c5f, RBX=0x0000000000000006, RCX=0x0000000527aac000, RDX=0x00007fff8b1ea468
RSP=0x00000001053e4500, RBP=0x00000001053e4750, RSI=0x0000000000000006, RDI=0x0000000000000027
R8 =0x0000000001841800, R9 =0x00007f9388000c00, R10=0x00007f938326a9b0, R11=0x3e8000003e800000
R12=0x0000000000000004, R13=0x0000000001841800, R14=0x3e8000003e800000, R15=0x3e800000bfa00000
RIP=0x00007fff8b1e9f93, EFLAGS=0x0000000000010206, ERR=0x0000000000000004
  TRAPNO=0x000000000000000e

Top of Stack: (sp=0x00000001053e4500)
0x00000001053e4500:   00007f938225a800 0000000000005000
0x00000001053e4510:   00000001053e4750 0000000200000400
0x00000001053e4520:   00007f938326a7f0 01244101051f2a00
0x00000001053e4530:   0000000000000001 0000000000000000
0x00000001053e4540:   00000000fffffff8 0000000400000002
0x00000001053e4550:   00007f938326a8b8 0000000000000000
0x00000001053e4560:   00000001053e4590 00007fff89daadb9
0x00000001053e4570:   00007f938167fc30 00007f938167fbf0
0x00000001053e4580:   00007f9381680de0 000000022fa8d590
0x00000001053e4590:   00007f938144bdf0 000000000000004c
0x00000001053e45a0:   00001234803f4a70 0000000000000001
0x00000001053e45b0:   0000000000000000 00007f938225a800
0x00000001053e45c0:   0000000000000000 0000000000000000
0x00000001053e45d0:   00007f9388000d40 00007f9388000d70
0x00000001053e45e0:   00007f9388000d50 00007f9388000d80
0x00000001053e45f0:   00007f9388000d60 00007f9388000da0
0x00000001053e4600:   0000000000000000 0000000000000000
0x00000001053e4610:   fffffffe00000001 0000000000002004
0x00000001053e4620:   0000000000003083 0000000000000001
0x00000001053e4630:   ffffffff00000001 0000000000000001
0x00000001053e4640:   00007f9388000d90 0000000000000006
0x00000001053e4650:   0001001100010001 00007f9388000c00
0x00000001053e4660:   0000103400000000 0000000001841800
0x00000001053e4670:   0000000006106000 0000000000000000
0x00000001053e4680:   00000001053e46fc 00000001053e4700
0x00000001053e4690:   00000001053e4704 00007f938326a918
0x00000001053e46a0:   000000003f800000 0000000000000001
0x00000001053e46b0:   0000000000000000 00007f938326a918
0x00000001053e46c0:   00007f9388000c00 0000000000000000
0x00000001053e46d0:   0000000000000000 00007f9388000c00
0x00000001053e46e0:   0000000527aac000 0000000134af8010
0x00000001053e46f0:   0000000134af8020 000000012faad000 

Instructions: (pc=0x00007fff8b1e9f93)
0x00007fff8b1e9f73:   10 da 0f 14 c1 0f 16 c3 66 49 0f 7e c6 66 0f 6d
0x00007fff8b1e9f83:   c0 66 49 0f 7e c7 bb 05 00 00 00 e9 bd 02 00 00
0x00007fff8b1e9f93:   4c 8b 31 4c 8b 79 08 e9 2c f9 ff ff f3 0f 10 49
0x00007fff8b1e9fa3:   08 f2 0f 10 01 66 0f 14 c1 66 49 0f 7e c6 66 0f 

Register to memory mapping:

RAX=0x00007fff8b1e9c5f: gleRunVertexSubmitImmediate+0x24af in /System/Library/Frameworks/OpenGL.framework/Versions/A/Resources/GLEngine.bundle/GLEngine at 0x00007fff8b08e000
RBX=0x0000000000000006 is an unknown value
RCX=0x0000000527aac000 is an unknown value
RDX=0x00007fff8b1ea468: gleRunVertexSubmitImmediate+0x2cb8 in /System/Library/Frameworks/OpenGL.framework/Versions/A/Resources/GLEngine.bundle/GLEngine at 0x00007fff8b08e000
RSP=0x00000001053e4500 is pointing into the stack for thread: 0x00007f9382003000
RBP=0x00000001053e4750 is pointing into the stack for thread: 0x00007f9382003000
RSI=0x0000000000000006 is an unknown value
RDI=0x0000000000000027 is an unknown value
R8 =0x0000000001841800 is an unknown value
R9 =0x00007f9388000c00 is an unknown value
R10=0x00007f938326a9b0 is an unknown value
R11=0x3e8000003e800000 is an unknown value
R12=0x0000000000000004 is an unknown value
R13=0x0000000001841800 is an unknown value
R14=0x3e8000003e800000 is an unknown value
R15=0x3e800000bfa00000 is an unknown value


Stack: [0x00000001052e6000,0x00000001053e6000],  sp=0x00000001053e4500,  free space=1017k
Native frames: (J=compiled Java code, j=interpreted, Vv=VM code, C=native code)
C  [GLEngine+0x15bf93]  gleRunVertexSubmitImmediate+0x27e3
C  [GLEngine+0xbbdea]  glDrawElements_GL3Exec+0x2bf
j  org.lwjgl.opengl.GL11.nglDrawElementsBO(IIIJJ)V+0
j  org.lwjgl.opengl.GL11.glDrawElements(IIIJ)V+28
j  hello.HelloWorld$$anonfun$display$1.apply$mcV$sp()V+69
j  hello.HelloWorld$$anonfun$display$1.apply()V+1
j  hello.HelloWorld$$anonfun$display$1.apply()Ljava/lang/Object;+1
j  state.State$class.run(Lstate/State;Lscala/Function0;)Ljava/lang/Object;+7
j  state.State$$anon$1.run(Lscala/Function0;)Ljava/lang/Object;+2
j  hello.HelloWorld.display(D)V+36
j  hello.SingleWindowScene.run()V+35
j  hello.HelloWorld$.delayedEndpoint$hello$HelloWorld$1()V+7
j  hello.HelloWorld$delayedInit$body.apply()Ljava/lang/Object;+4
j  scala.Function0$class.apply$mcV$sp(Lscala/Function0;)V+1
j  scala.runtime.AbstractFunction0.apply$mcV$sp()V+1
j  scala.App$$anonfun$main$1.apply(Lscala/Function0;)V+1
j  scala.App$$anonfun$main$1.apply(Ljava/lang/Object;)Ljava/lang/Object;+5
j  scala.collection.immutable.List.foreach(Lscala/Function1;)V+15
j  scala.collection.generic.TraversableForwarder$class.foreach(Lscala/collection/generic/TraversableForwarder;Lscala/Function1;)V+7
j  scala.App$class.main(Lscala/App;[Ljava/lang/String;)V+21
j  hello.HelloWorld$.main([Ljava/lang/String;)V+2
j  hello.HelloWorld.main([Ljava/lang/String;)V+4
v  ~StubRoutines::call_stub
V  [libjvm.dylib+0x2c54fa]  JavaCalls::call_helper(JavaValue*, methodHandle*, JavaCallArguments*, Thread*)+0x6ae
V  [libjvm.dylib+0x48a24c]  Reflection::invoke(instanceKlassHandle, methodHandle, Handle, bool, objArrayHandle, BasicType, objArrayHandle, bool, Thread*)+0xdf8
V  [libjvm.dylib+0x48a764]  Reflection::invoke_method(oopDesc*, Handle, objArrayHandle, Thread*)+0x16c
V  [libjvm.dylib+0x312974]  JVM_InvokeMethod+0x166
j  sun.reflect.NativeMethodAccessorImpl.invoke0(Ljava/lang/reflect/Method;Ljava/lang/Object;[Ljava/lang/Object;)Ljava/lang/Object;+0
j  sun.reflect.NativeMethodAccessorImpl.invoke(Ljava/lang/Object;[Ljava/lang/Object;)Ljava/lang/Object;+100
j  sun.reflect.DelegatingMethodAccessorImpl.invoke(Ljava/lang/Object;[Ljava/lang/Object;)Ljava/lang/Object;+6
j  java.lang.reflect.Method.invoke(Ljava/lang/Object;[Ljava/lang/Object;)Ljava/lang/Object;+56
j  com.intellij.rt.execution.application.AppMain.main([Ljava/lang/String;)V+163
v  ~StubRoutines::call_stub
V  [libjvm.dylib+0x2c54fa]  JavaCalls::call_helper(JavaValue*, methodHandle*, JavaCallArguments*, Thread*)+0x6ae
V  [libjvm.dylib+0x2f9fbe]  jni_invoke_static(JNIEnv_*, JavaValue*, _jobject*, JNICallType, _jmethodID*, JNI_ArgumentPusher*, Thread*)+0x1bf
V  [libjvm.dylib+0x2f3207]  jni_CallStaticVoidMethod+0x15d
C  [java+0x2c99]  JavaMain+0x998
C  [libsystem_pthread.dylib+0x3268]  _pthread_body+0x83
C  [libsystem_pthread.dylib+0x31e5]  _pthread_body+0x0
C  [libsystem_pthread.dylib+0x141d]  thread_start+0xd

Java frames: (J=compiled Java code, j=interpreted, Vv=VM code)
j  org.lwjgl.opengl.GL11.nglDrawElementsBO(IIIJJ)V+0
j  org.lwjgl.opengl.GL11.glDrawElements(IIIJ)V+28
j  hello.HelloWorld$$anonfun$display$1.apply$mcV$sp()V+69
j  hello.HelloWorld$$anonfun$display$1.apply()V+1
j  hello.HelloWorld$$anonfun$display$1.apply()Ljava/lang/Object;+1
j  state.State$class.run(Lstate/State;Lscala/Function0;)Ljava/lang/Object;+7
j  state.State$$anon$1.run(Lscala/Function0;)Ljava/lang/Object;+2
j  hello.HelloWorld.display(D)V+36
j  hello.SingleWindowScene.run()V+35
j  hello.HelloWorld$.delayedEndpoint$hello$HelloWorld$1()V+7
j  hello.HelloWorld$delayedInit$body.apply()Ljava/lang/Object;+4
j  scala.Function0$class.apply$mcV$sp(Lscala/Function0;)V+1
j  scala.runtime.AbstractFunction0.apply$mcV$sp()V+1
j  scala.App$$anonfun$main$1.apply(Lscala/Function0;)V+1
j  scala.App$$anonfun$main$1.apply(Ljava/lang/Object;)Ljava/lang/Object;+5
j  scala.collection.immutable.List.foreach(Lscala/Function1;)V+15
j  scala.collection.generic.TraversableForwarder$class.foreach(Lscala/collection/generic/TraversableForwarder;Lscala/Function1;)V+7
j  scala.App$class.main(Lscala/App;[Ljava/lang/String;)V+21
j  hello.HelloWorld$.main([Ljava/lang/String;)V+2
j  hello.HelloWorld.main([Ljava/lang/String;)V+4
v  ~StubRoutines::call_stub
j  sun.reflect.NativeMethodAccessorImpl.invoke0(Ljava/lang/reflect/Method;Ljava/lang/Object;[Ljava/lang/Object;)Ljava/lang/Object;+0
j  sun.reflect.NativeMethodAccessorImpl.invoke(Ljava/lang/Object;[Ljava/lang/Object;)Ljava/lang/Object;+100
j  sun.reflect.DelegatingMethodAccessorImpl.invoke(Ljava/lang/Object;[Ljava/lang/Object;)Ljava/lang/Object;+6
j  java.lang.reflect.Method.invoke(Ljava/lang/Object;[Ljava/lang/Object;)Ljava/lang/Object;+56
j  com.intellij.rt.execution.application.AppMain.main([Ljava/lang/String;)V+163
v  ~StubRoutines::call_stub

---------------  P R O C E S S  ---------------

Java Threads: ( => current thread )
  0x00007f9382161800 JavaThread "AWT-Shutdown" [_thread_blocked, id=33287, stack(0x000000013116e000,0x000000013126e000)]
  0x00007f93849e4800 JavaThread "AppKit Thread" daemon [_thread_in_native, id=1299, stack(0x00007fff5a230000,0x00007fff5aa30000)]
  0x00007f9382893800 JavaThread "Monitor Ctrl-Break" daemon [_thread_in_native, id=22787, stack(0x000000012f7fa000,0x000000012f8fa000)]
  0x00007f9382806000 JavaThread "Service Thread" daemon [_thread_blocked, id=21763, stack(0x000000012f213000,0x000000012f313000)]
  0x00007f9384009000 JavaThread "C1 CompilerThread3" daemon [_thread_blocked, id=21251, stack(0x000000012f110000,0x000000012f210000)]
  0x00007f9382056800 JavaThread "C2 CompilerThread2" daemon [_thread_blocked, id=20739, stack(0x000000012f00d000,0x000000012f10d000)]
  0x00007f9382013000 JavaThread "C2 CompilerThread1" daemon [_thread_blocked, id=20227, stack(0x000000012ef0a000,0x000000012f00a000)]
  0x00007f938203f000 JavaThread "C2 CompilerThread0" daemon [_thread_blocked, id=19715, stack(0x000000012ee07000,0x000000012ef07000)]
  0x00007f938203e000 JavaThread "Signal Dispatcher" daemon [_thread_blocked, id=16407, stack(0x000000012ed04000,0x000000012ee04000)]
  0x00007f9382828800 JavaThread "Finalizer" daemon [_thread_blocked, id=14595, stack(0x000000012d3ba000,0x000000012d4ba000)]
  0x00007f9382828000 JavaThread "Reference Handler" daemon [_thread_blocked, id=14083, stack(0x000000012d2b7000,0x000000012d3b7000)]
=>0x00007f9382003000 JavaThread "main" [_thread_in_native, id=4867, stack(0x00000001052e6000,0x00000001053e6000)]

Other Threads:
  0x00007f9382823800 VMThread [stack: 0x000000012d1b4000,0x000000012d2b4000] [id=13571]
  0x00007f938285b000 WatcherThread [stack: 0x000000012f316000,0x000000012f416000] [id=22275]

VM state:not at safepoint (normal execution)

VM Mutex/Monitor currently owned by a thread: None

Heap:
 PSYoungGen      total 7680K, used 6920K [0x0000000715580000, 0x0000000716300000, 0x00000007c0000000)
  eden space 6656K, 89% used [0x0000000715580000,0x0000000715b4d3c0,0x0000000715c00000)
  from space 1024K, 95% used [0x0000000715c00000,0x0000000715cf4d68,0x0000000715d00000)
  to   space 1536K, 0% used [0x0000000716180000,0x0000000716180000,0x0000000716300000)
 ParOldGen       total 522752K, used 1478K [0x00000005c0000000, 0x00000005dfe80000, 0x0000000715580000)
  object space 522752K, 0% used [0x00000005c0000000,0x00000005c0171bb8,0x00000005dfe80000)
 Metaspace       used 8955K, capacity 9043K, committed 9216K, reserved 1056768K
  class space    used 1196K, capacity 1232K, committed 1280K, reserved 1048576K

Card table byte_map: [0x0000000116ebc000,0x0000000117ebd000] byte_map_base: 0x00000001140bc000

Marking Bits: (ParMarkBitMap*) 0x00000001074660a0
 Begin Bits: [0x0000000119386000, 0x0000000121386000)
 End Bits:   [0x0000000121386000, 0x0000000129386000)

Polling page: 0x00000001053f6000

CodeCache: size=245760Kb used=2647Kb max_used=2655Kb free=243112Kb
 bounds [0x0000000107afc000, 0x0000000107d9c000, 0x0000000116afc000]
 total_blobs=955 nmethods=581 adapters=290
 compilation: enabled

Compilation events (10 events):
Event: 0.599 Thread 0x00007f9384009000  577       3       sun.util.calendar.CalendarDate::setDaylightSaving (6 bytes)
Event: 0.599 Thread 0x00007f9384009000 nmethod 577 0x0000000107d8fa90 code [0x0000000107d8fbe0, 0x0000000107d8fd30]
Event: 0.599 Thread 0x00007f9384009000  578       3       sun.util.calendar.BaseCalendar::getCalendarDateFromFixedDate (305 bytes)
Event: 0.600 Thread 0x00007f9384009000 nmethod 578 0x0000000107d8fd90 code [0x0000000107d90020, 0x0000000107d914c8]
Event: 0.600 Thread 0x00007f9384009000  575       3       sun.util.calendar.ZoneInfo::getOffsets (8 bytes)
Event: 0.600 Thread 0x00007f9384009000 nmethod 575 0x0000000107d92150 code [0x0000000107d922c0, 0x0000000107d92448]
Event: 0.600 Thread 0x00007f9384009000  579       3       sun.util.calendar.BaseCalendar$Date::getCachedJan1 (5 bytes)
Event: 0.600 Thread 0x00007f9384009000 nmethod 579 0x0000000107d924d0 code [0x0000000107d92620, 0x0000000107d92770]
Event: 0.610 Thread 0x00007f938203f000  582   !   4       sun.misc.URLClassPath$JarLoader::getResource (349 bytes)
Event: 0.611 Thread 0x00007f938203f000 nmethod 582 0x0000000107d95890 code [0x0000000107d959e0, 0x0000000107d95aa8]

GC Heap History (10 events):
Event: 0.154 GC heap before
{Heap before GC invocations=7 (full 0):
 PSYoungGen      total 3072K, used 2825K [0x0000000715580000, 0x0000000715980000, 0x00000007c0000000)
  eden space 2048K, 100% used [0x0000000715580000,0x0000000715780000,0x0000000715780000)
  from space 1024K, 75% used [0x0000000715880000,0x0000000715942750,0x0000000715980000)
  to   space 1024K, 0% used [0x0000000715780000,0x0000000715780000,0x0000000715880000)
 ParOldGen       total 522752K, used 610K [0x00000005c0000000, 0x00000005dfe80000, 0x0000000715580000)
  object space 522752K, 0% used [0x00000005c0000000,0x00000005c0098bd0,0x00000005dfe80000)
 Metaspace       used 3765K, capacity 5112K, committed 5376K, reserved 1056768K
  class space    used 422K, capacity 488K, committed 512K, reserved 1048576K
Event: 0.155 GC heap after
Heap after GC invocations=7 (full 0):
 PSYoungGen      total 3072K, used 722K [0x0000000715580000, 0x0000000715b80000, 0x00000007c0000000)
  eden space 2048K, 0% used [0x0000000715580000,0x0000000715580000,0x0000000715780000)
  from space 1024K, 70% used [0x0000000715780000,0x0000000715834980,0x0000000715880000)
  to   space 1024K, 0% used [0x0000000715a80000,0x0000000715a80000,0x0000000715b80000)
 ParOldGen       total 522752K, used 956K [0x00000005c0000000, 0x00000005dfe80000, 0x0000000715580000)
  object space 522752K, 0% used [0x00000005c0000000,0x00000005c00ef288,0x00000005dfe80000)
 Metaspace       used 3765K, capacity 5112K, committed 5376K, reserved 1056768K
  class space    used 422K, capacity 488K, committed 512K, reserved 1048576K
}
Event: 0.178 GC heap before
{Heap before GC invocations=8 (full 0):
 PSYoungGen      total 3072K, used 2770K [0x0000000715580000, 0x0000000715b80000, 0x00000007c0000000)
  eden space 2048K, 100% used [0x0000000715580000,0x0000000715780000,0x0000000715780000)
  from space 1024K, 70% used [0x0000000715780000,0x0000000715834980,0x0000000715880000)
  to   space 1024K, 0% used [0x0000000715a80000,0x0000000715a80000,0x0000000715b80000)
 ParOldGen       total 522752K, used 956K [0x00000005c0000000, 0x00000005dfe80000, 0x0000000715580000)
  object space 522752K, 0% used [0x00000005c0000000,0x00000005c00ef288,0x00000005dfe80000)
 Metaspace       used 4050K, capacity 5336K, committed 5504K, reserved 1056768K
  class space    used 479K, capacity 520K, committed 640K, reserved 1048576K
Event: 0.179 GC heap after
Heap after GC invocations=8 (full 0):
 PSYoungGen      total 5120K, used 624K [0x0000000715580000, 0x0000000715b80000, 0x00000007c0000000)
  eden space 4096K, 0% used [0x0000000715580000,0x0000000715580000,0x0000000715980000)
  from space 1024K, 60% used [0x0000000715a80000,0x0000000715b1c038,0x0000000715b80000)
  to   space 1024K, 0% used [0x0000000715980000,0x0000000715980000,0x0000000715a80000)
 ParOldGen       total 522752K, used 1084K [0x00000005c0000000, 0x00000005dfe80000, 0x0000000715580000)
  object space 522752K, 0% used [0x00000005c0000000,0x00000005c010f288,0x00000005dfe80000)
 Metaspace       used 4050K, capacity 5336K, committed 5504K, reserved 1056768K
  class space    used 479K, capacity 520K, committed 640K, reserved 1048576K
}
Event: 0.227 GC heap before
{Heap before GC invocations=9 (full 0):
 PSYoungGen      total 5120K, used 4720K [0x0000000715580000, 0x0000000715b80000, 0x00000007c0000000)
  eden space 4096K, 100% used [0x0000000715580000,0x0000000715980000,0x0000000715980000)
  from space 1024K, 60% used [0x0000000715a80000,0x0000000715b1c038,0x0000000715b80000)
  to   space 1024K, 0% used [0x0000000715980000,0x0000000715980000,0x0000000715a80000)
 ParOldGen       total 522752K, used 1084K [0x00000005c0000000, 0x00000005dfe80000, 0x0000000715580000)
  object space 522752K, 0% used [0x00000005c0000000,0x00000005c010f288,0x00000005dfe80000)
 Metaspace       used 4912K, capacity 6104K, committed 6400K, reserved 1056768K
  class space    used 614K, capacity 648K, committed 768K, reserved 1048576K
Event: 0.228 GC heap after
Heap after GC invocations=9 (full 0):
 PSYoungGen      total 5120K, used 1012K [0x0000000715580000, 0x0000000715e00000, 0x00000007c0000000)
  eden space 4096K, 0% used [0x0000000715580000,0x0000000715580000,0x0000000715980000)
  from space 1024K, 98% used [0x0000000715980000,0x0000000715a7d0a0,0x0000000715a80000)
  to   space 1024K, 0% used [0x0000000715d00000,0x0000000715d00000,0x0000000715e00000)
 ParOldGen       total 522752K, used 1186K [0x00000005c0000000, 0x00000005dfe80000, 0x0000000715580000)
  object space 522752K, 0% used [0x00000005c0000000,0x00000005c0128b90,0x00000005dfe80000)
 Metaspace       used 4912K, capacity 6104K, committed 6400K, reserved 1056768K
  class space    used 614K, capacity 648K, committed 768K, reserved 1048576K
}
Event: 0.268 GC heap before
{Heap before GC invocations=10 (full 0):
 PSYoungGen      total 5120K, used 5108K [0x0000000715580000, 0x0000000715e00000, 0x00000007c0000000)
  eden space 4096K, 100% used [0x0000000715580000,0x0000000715980000,0x0000000715980000)
  from space 1024K, 98% used [0x0000000715980000,0x0000000715a7d0a0,0x0000000715a80000)
  to   space 1024K, 0% used [0x0000000715d00000,0x0000000715d00000,0x0000000715e00000)
 ParOldGen       total 522752K, used 1186K [0x00000005c0000000, 0x00000005dfe80000, 0x0000000715580000)
  object space 522752K, 0% used [0x00000005c0000000,0x00000005c0128b90,0x00000005dfe80000)
 Metaspace       used 5610K, capacity 6712K, committed 7040K, reserved 1056768K
  class space    used 767K, capacity 808K, committed 896K, reserved 1048576K
Event: 0.269 GC heap after
Heap after GC invocations=10 (full 0):
 PSYoungGen      total 7680K, used 853K [0x0000000715580000, 0x0000000715e00000, 0x00000007c0000000)
  eden space 6656K, 0% used [0x0000000715580000,0x0000000715580000,0x0000000715c00000)
  from space 1024K, 83% used [0x0000000715d00000,0x0000000715dd5448,0x0000000715e00000)
  to   space 1024K, 0% used [0x0000000715c00000,0x0000000715c00000,0x0000000715d00000)
 ParOldGen       total 522752K, used 1306K [0x00000005c0000000, 0x00000005dfe80000, 0x0000000715580000)
  object space 522752K, 0% used [0x00000005c0000000,0x00000005c0146b90,0x00000005dfe80000)
 Metaspace       used 5610K, capacity 6712K, committed 7040K, reserved 1056768K
  class space    used 767K, capacity 808K, committed 896K, reserved 1048576K
}
Event: 0.466 GC heap before
{Heap before GC invocations=11 (full 0):
 PSYoungGen      total 7680K, used 7509K [0x0000000715580000, 0x0000000715e00000, 0x00000007c0000000)
  eden space 6656K, 100% used [0x0000000715580000,0x0000000715c00000,0x0000000715c00000)
  from space 1024K, 83% used [0x0000000715d00000,0x0000000715dd5448,0x0000000715e00000)
  to   space 1024K, 0% used [0x0000000715c00000,0x0000000715c00000,0x0000000715d00000)
 ParOldGen       total 522752K, used 1306K [0x00000005c0000000, 0x00000005dfe80000, 0x0000000715580000)
  object space 522752K, 0% used [0x00000005c0000000,0x00000005c0146b90,0x00000005dfe80000)
 Metaspace       used 7589K, capacity 7712K, committed 7808K, reserved 1056768K
  class space    used 1051K, capacity 1104K, committed 1152K, reserved 1048576K
Event: 0.468 GC heap after
Heap after GC invocations=11 (full 0):
 PSYoungGen      total 7680K, used 979K [0x0000000715580000, 0x0000000716300000, 0x00000007c0000000)
  eden space 6656K, 0% used [0x0000000715580000,0x0000000715580000,0x0000000715c00000)
  from space 1024K, 95% used [0x0000000715c00000,0x0000000715cf4d68,0x0000000715d00000)
  to   space 1536K, 0% used [0x0000000716180000,0x0000000716180000,0x0000000716300000)
 ParOldGen       total 522752K, used 1478K [0x00000005c0000000, 0x00000005dfe80000, 0x0000000715580000)
  object space 522752K, 0% used [0x00000005c0000000,0x00000005c0171bb8,0x00000005dfe80000)
 Metaspace       used 7589K, capacity 7712K, committed 7808K, reserved 1056768K
  class space    used 1051K, capacity 1104K, committed 1152K, reserved 1048576K
}

Deoptimization events (1 events):
Event: 0.553 Thread 0x00007f9382003000 Uncommon trap: reason=unreached action=reinterpret pc=0x0000000107cb7298 method=java.util.HashMap.getNode(ILjava/lang/Object;)Ljava/util/HashMap$Node; @ 116

Internal exceptions (10 events):
Event: 0.613 Thread 0x00007f9382003000 Exception <a 'java/security/PrivilegedActionException'> (0x0000000715afbaa8) thrown at [/HUDSON/workspace/8-2-build-macosx-x86_64/jdk8/2238/hotspot/src/share/vm/prims/jvm.cpp, line 1248]
Event: 0.614 Thread 0x00007f9382003000 Exception <a 'java/security/PrivilegedActionException'> (0x0000000715aff030) thrown at [/HUDSON/workspace/8-2-build-macosx-x86_64/jdk8/2238/hotspot/src/share/vm/prims/jvm.cpp, line 1248]
Event: 0.615 Thread 0x00007f9382003000 Exception <a 'java/security/PrivilegedActionException'> (0x0000000715b08df8) thrown at [/HUDSON/workspace/8-2-build-macosx-x86_64/jdk8/2238/hotspot/src/share/vm/prims/jvm.cpp, line 1248]
Event: 0.615 Thread 0x00007f9382003000 Exception <a 'java/security/PrivilegedActionException'> (0x0000000715b12e70) thrown at [/HUDSON/workspace/8-2-build-macosx-x86_64/jdk8/2238/hotspot/src/share/vm/prims/jvm.cpp, line 1248]
Event: 0.616 Thread 0x00007f9382003000 Exception <a 'java/security/PrivilegedActionException'> (0x0000000715b1bf90) thrown at [/HUDSON/workspace/8-2-build-macosx-x86_64/jdk8/2238/hotspot/src/share/vm/prims/jvm.cpp, line 1248]
Event: 0.616 Thread 0x00007f9382003000 Exception <a 'java/security/PrivilegedActionException'> (0x0000000715b23108) thrown at [/HUDSON/workspace/8-2-build-macosx-x86_64/jdk8/2238/hotspot/src/share/vm/prims/jvm.cpp, line 1248]
Event: 0.616 Thread 0x00007f9382003000 Exception <a 'java/security/PrivilegedActionException'> (0x0000000715b2c7c0) thrown at [/HUDSON/workspace/8-2-build-macosx-x86_64/jdk8/2238/hotspot/src/share/vm/prims/jvm.cpp, line 1248]
Event: 0.616 Thread 0x00007f9382003000 Exception <a 'java/security/PrivilegedActionException'> (0x0000000715b33188) thrown at [/HUDSON/workspace/8-2-build-macosx-x86_64/jdk8/2238/hotspot/src/share/vm/prims/jvm.cpp, line 1248]
Event: 0.617 Thread 0x00007f9382003000 Exception <a 'java/security/PrivilegedActionException'> (0x0000000715b3c658) thrown at [/HUDSON/workspace/8-2-build-macosx-x86_64/jdk8/2238/hotspot/src/share/vm/prims/jvm.cpp, line 1248]
Event: 0.617 Thread 0x00007f9382003000 Exception <a 'java/security/PrivilegedActionException'> (0x0000000715b43500) thrown at [/HUDSON/workspace/8-2-build-macosx-x86_64/jdk8/2238/hotspot/src/share/vm/prims/jvm.cpp, line 1248]

Events (10 events):
Event: 0.616 loading class scala/collection/IndexedSeqLike$Elements
Event: 0.616 loading class scala/collection/IndexedSeqLike$Elements done
Event: 0.616 loading class scala/collection/BufferedIterator$class
Event: 0.616 loading class scala/collection/BufferedIterator$class done
Event: 0.616 loading class scala/StringContext$
Event: 0.616 loading class scala/StringContext$ done
Event: 0.617 loading class scala/StringContext$InvalidEscapeException
Event: 0.617 loading class scala/StringContext$InvalidEscapeException done
Event: 0.617 loading class scala/runtime/IntRef
Event: 0.617 loading class scala/runtime/IntRef done


Dynamic libraries:
0x00000000034c1000 	/System/Library/Frameworks/Cocoa.framework/Versions/A/Cocoa
0x00000000034c1000 	/System/Library/Frameworks/Security.framework/Versions/A/Security
0x00000000034c1000 	/System/Library/Frameworks/ApplicationServices.framework/Versions/A/ApplicationServices
0x00000000034c1000 	/usr/lib/libz.1.dylib
0x00000000034c1000 	/usr/lib/libSystem.B.dylib
0x00000000034c1000 	/usr/lib/libobjc.A.dylib
0x00000000034c1000 	/System/Library/Frameworks/CoreFoundation.framework/Versions/A/CoreFoundation
0x00000000034c1000 	/System/Library/Frameworks/Foundation.framework/Versions/C/Foundation
0x00000000034c1000 	/System/Library/Frameworks/AppKit.framework/Versions/C/AppKit
0x00000000034c1000 	/System/Library/Frameworks/CoreData.framework/Versions/A/CoreData
0x00000000034c1000 	/System/Library/PrivateFrameworks/RemoteViewServices.framework/Versions/A/RemoteViewServices
0x00000000034c1000 	/System/Library/PrivateFrameworks/UIFoundation.framework/Versions/A/UIFoundation
0x00000000034c1000 	/System/Library/Frameworks/IOSurface.framework/Versions/A/IOSurface
0x00000000034c1000 	/System/Library/Frameworks/AudioToolbox.framework/Versions/A/AudioToolbox
0x00000000034c1000 	/System/Library/Frameworks/AudioUnit.framework/Versions/A/AudioUnit
0x00000000034c1000 	/System/Library/PrivateFrameworks/DataDetectorsCore.framework/Versions/A/DataDetectorsCore
0x00000000034c1000 	/System/Library/PrivateFrameworks/DesktopServicesPriv.framework/Versions/A/DesktopServicesPriv
0x00000000034c1000 	/System/Library/Frameworks/Carbon.framework/Versions/A/Frameworks/HIToolbox.framework/Versions/A/HIToolbox
0x00000000034c1000 	/System/Library/Frameworks/QuartzCore.framework/Versions/A/QuartzCore
0x00000000034c1000 	/System/Library/Frameworks/Carbon.framework/Versions/A/Frameworks/SpeechRecognition.framework/Versions/A/SpeechRecognition
0x00000000034c1000 	/usr/lib/libauto.dylib
0x00000000034c1000 	/usr/lib/libicucore.A.dylib
0x00000000034c1000 	/usr/lib/libxml2.2.dylib
0x00000000034c1000 	/System/Library/PrivateFrameworks/CoreUI.framework/Versions/A/CoreUI
0x00000000034c1000 	/System/Library/Frameworks/CoreAudio.framework/Versions/A/CoreAudio
0x00000000034c1000 	/System/Library/Frameworks/DiskArbitration.framework/Versions/A/DiskArbitration
0x00000000034c1000 	/usr/lib/liblangid.dylib
0x00000000034c1000 	/System/Library/PrivateFrameworks/MultitouchSupport.framework/Versions/A/MultitouchSupport
0x00000000034c1000 	/System/Library/Frameworks/IOKit.framework/Versions/A/IOKit
0x00000000034c1000 	/usr/lib/libDiagnosticMessagesClient.dylib
0x00000000034c1000 	/System/Library/Frameworks/CoreServices.framework/Versions/A/CoreServices
0x00000000034c1000 	/System/Library/PrivateFrameworks/PerformanceAnalysis.framework/Versions/A/PerformanceAnalysis
0x00000000034c1000 	/System/Library/PrivateFrameworks/GenerationalStorage.framework/Versions/A/GenerationalStorage
0x00000000034c1000 	/System/Library/Frameworks/OpenGL.framework/Versions/A/OpenGL
0x00000000034c1000 	/System/Library/PrivateFrameworks/Sharing.framework/Versions/A/Sharing
0x00000000034c1000 	/System/Library/Frameworks/CoreGraphics.framework/Versions/A/CoreGraphics
0x00000000034c1000 	/System/Library/Frameworks/CoreText.framework/Versions/A/CoreText
0x00000000034c1000 	/System/Library/Frameworks/ImageIO.framework/Versions/A/ImageIO
0x00000000034c1000 	/usr/lib/libextension.dylib
0x00000000034c1000 	/System/Library/PrivateFrameworks/Backup.framework/Versions/A/Backup
0x00000000034c1000 	/usr/lib/libarchive.2.dylib
0x00000000034c1000 	/System/Library/Frameworks/CFNetwork.framework/Versions/A/CFNetwork
0x00000000034c1000 	/System/Library/Frameworks/SystemConfiguration.framework/Versions/A/SystemConfiguration
0x00000000034c1000 	/usr/lib/libCRFSuite.dylib
0x00000000034c1000 	/usr/lib/libc++.1.dylib
0x00000000034c1000 	/usr/lib/libc++abi.dylib
0x00000000034c1000 	/usr/lib/system/libcache.dylib
0x00000000034c1000 	/usr/lib/system/libcommonCrypto.dylib
0x00000000034c1000 	/usr/lib/system/libcompiler_rt.dylib
0x00000000034c1000 	/usr/lib/system/libcopyfile.dylib
0x00000000034c1000 	/usr/lib/system/libcorecrypto.dylib
0x00000000034c1000 	/usr/lib/system/libdispatch.dylib
0x00000000034c1000 	/usr/lib/system/libdyld.dylib
0x00000000034c1000 	/usr/lib/system/libkeymgr.dylib
0x00000000034c1000 	/usr/lib/system/liblaunch.dylib
0x00000000034c1000 	/usr/lib/system/libmacho.dylib
0x00000000034c1000 	/usr/lib/system/libquarantine.dylib
0x00000000034c1000 	/usr/lib/system/libremovefile.dylib
0x00000000034c1000 	/usr/lib/system/libsystem_asl.dylib
0x00000000034c1000 	/usr/lib/system/libsystem_blocks.dylib
0x00000000034c1000 	/usr/lib/system/libsystem_c.dylib
0x00000000034c1000 	/usr/lib/system/libsystem_configuration.dylib
0x00000000034c1000 	/usr/lib/system/libsystem_coreservices.dylib
0x00000000034c1000 	/usr/lib/system/libsystem_coretls.dylib
0x00000000034c1000 	/usr/lib/system/libsystem_dnssd.dylib
0x00000000034c1000 	/usr/lib/system/libsystem_info.dylib
0x00000000034c1000 	/usr/lib/system/libsystem_kernel.dylib
0x00000000034c1000 	/usr/lib/system/libsystem_m.dylib
0x00000000034c1000 	/usr/lib/system/libsystem_malloc.dylib
0x00000000034c1000 	/usr/lib/system/libsystem_network.dylib
0x00000000034c1000 	/usr/lib/system/libsystem_networkextension.dylib
0x00000000034c1000 	/usr/lib/system/libsystem_notify.dylib
0x00000000034c1000 	/usr/lib/system/libsystem_platform.dylib
0x00000000034c1000 	/usr/lib/system/libsystem_pthread.dylib
0x00000000034c1000 	/usr/lib/system/libsystem_sandbox.dylib
0x00000000034c1000 	/usr/lib/system/libsystem_secinit.dylib
0x00000000034c1000 	/usr/lib/system/libsystem_stats.dylib
0x00000000034c1000 	/usr/lib/system/libsystem_trace.dylib
0x00000000034c1000 	/usr/lib/system/libunc.dylib
0x00000000034c1000 	/usr/lib/system/libunwind.dylib
0x00000000034c1000 	/usr/lib/system/libxpc.dylib
0x00000000034c1000 	/usr/lib/libbz2.1.0.dylib
0x00000000034c1000 	/usr/lib/liblzma.5.dylib
0x00000000034c1000 	/usr/lib/libbsm.0.dylib
0x00000000034c1000 	/usr/lib/libsqlite3.dylib
0x00000000034c1000 	/usr/lib/system/libkxld.dylib
0x00000000034c1000 	/usr/lib/libxar.1.dylib
0x00000000034c1000 	/usr/lib/libpam.2.dylib
0x00000000034c1000 	/usr/lib/libOpenScriptingUtil.dylib
0x00000000034c1000 	/System/Library/Frameworks/CoreServices.framework/Versions/A/Frameworks/FSEvents.framework/Versions/A/FSEvents
0x00000000034c1000 	/System/Library/Frameworks/CoreServices.framework/Versions/A/Frameworks/CarbonCore.framework/Versions/A/CarbonCore
0x00000000034c1000 	/System/Library/Frameworks/CoreServices.framework/Versions/A/Frameworks/Metadata.framework/Versions/A/Metadata
0x00000000034c1000 	/System/Library/Frameworks/CoreServices.framework/Versions/A/Frameworks/OSServices.framework/Versions/A/OSServices
0x00000000034c1000 	/System/Library/Frameworks/CoreServices.framework/Versions/A/Frameworks/SearchKit.framework/Versions/A/SearchKit
0x00000000034c1000 	/System/Library/Frameworks/CoreServices.framework/Versions/A/Frameworks/AE.framework/Versions/A/AE
0x00000000034c1000 	/System/Library/Frameworks/CoreServices.framework/Versions/A/Frameworks/LaunchServices.framework/Versions/A/LaunchServices
0x00000000034c1000 	/System/Library/Frameworks/CoreServices.framework/Versions/A/Frameworks/DictionaryServices.framework/Versions/A/DictionaryServices
0x00000000034c1000 	/System/Library/Frameworks/NetFS.framework/Versions/A/NetFS
0x00000000034c1000 	/System/Library/PrivateFrameworks/NetAuth.framework/Versions/A/NetAuth
0x00000000034c1000 	/System/Library/PrivateFrameworks/login.framework/Versions/A/Frameworks/loginsupport.framework/Versions/A/loginsupport
0x00000000034c1000 	/System/Library/PrivateFrameworks/TCC.framework/Versions/A/TCC
0x00000000034c1000 	/usr/lib/libmecabra.dylib
0x00000000034c1000 	/System/Library/Frameworks/ApplicationServices.framework/Versions/A/Frameworks/ATS.framework/Versions/A/ATS
0x00000000034c1000 	/System/Library/Frameworks/ApplicationServices.framework/Versions/A/Frameworks/ColorSync.framework/Versions/A/ColorSync
0x00000000034c1000 	/System/Library/Frameworks/ApplicationServices.framework/Versions/A/Frameworks/HIServices.framework/Versions/A/HIServices
0x00000000034c1000 	/System/Library/Frameworks/ApplicationServices.framework/Versions/A/Frameworks/LangAnalysis.framework/Versions/A/LangAnalysis
0x00000000034c1000 	/System/Library/Frameworks/ApplicationServices.framework/Versions/A/Frameworks/PrintCore.framework/Versions/A/PrintCore
0x00000000034c1000 	/System/Library/Frameworks/ApplicationServices.framework/Versions/A/Frameworks/QD.framework/Versions/A/QD
0x00000000034c1000 	/System/Library/Frameworks/ApplicationServices.framework/Versions/A/Frameworks/SpeechSynthesis.framework/Versions/A/SpeechSynthesis
0x00000000034c1000 	/System/Library/Frameworks/Accelerate.framework/Versions/A/Accelerate
0x00000000034c1000 	/System/Library/Frameworks/Accelerate.framework/Versions/A/Frameworks/vImage.framework/Versions/A/vImage
0x00000000034c1000 	/System/Library/Frameworks/Accelerate.framework/Versions/A/Frameworks/vecLib.framework/Versions/A/vecLib
0x00000000034c1000 	/System/Library/Frameworks/Accelerate.framework/Versions/A/Frameworks/vecLib.framework/Versions/A/libvDSP.dylib
0x00000000034c1000 	/System/Library/Frameworks/Accelerate.framework/Versions/A/Frameworks/vecLib.framework/Versions/A/libvMisc.dylib
0x00000000034c1000 	/System/Library/Frameworks/Accelerate.framework/Versions/A/Frameworks/vecLib.framework/Versions/A/libLAPACK.dylib
0x00000000034c1000 	/System/Library/Frameworks/Accelerate.framework/Versions/A/Frameworks/vecLib.framework/Versions/A/libBLAS.dylib
0x00000000034c1000 	/System/Library/Frameworks/Accelerate.framework/Versions/A/Frameworks/vecLib.framework/Versions/A/libLinearAlgebra.dylib
0x00000000034c1000 	/System/Library/Frameworks/ApplicationServices.framework/Versions/A/Frameworks/ATS.framework/Versions/A/Resources/libFontParser.dylib
0x00000000034c1000 	/System/Library/Frameworks/ApplicationServices.framework/Versions/A/Frameworks/ATS.framework/Versions/A/Resources/libFontRegistry.dylib
0x00000000034c1000 	/System/Library/PrivateFrameworks/AppleVPA.framework/Versions/A/AppleVPA
0x00000000034c1000 	/System/Library/PrivateFrameworks/AppleJPEG.framework/Versions/A/AppleJPEG
0x00000000034c1000 	/System/Library/Frameworks/ImageIO.framework/Versions/A/Resources/libJPEG.dylib
0x00000000034c1000 	/System/Library/Frameworks/ImageIO.framework/Versions/A/Resources/libTIFF.dylib
0x00000000034c1000 	/System/Library/Frameworks/ImageIO.framework/Versions/A/Resources/libPng.dylib
0x00000000034c1000 	/System/Library/Frameworks/ImageIO.framework/Versions/A/Resources/libGIF.dylib
0x00000000034c1000 	/System/Library/Frameworks/ImageIO.framework/Versions/A/Resources/libJP2.dylib
0x00000000034c1000 	/System/Library/Frameworks/ImageIO.framework/Versions/A/Resources/libRadiance.dylib
0x00000000034c1000 	/System/Library/Frameworks/CoreVideo.framework/Versions/A/CoreVideo
0x00000000034c1000 	/System/Library/Frameworks/OpenGL.framework/Versions/A/Libraries/libGLU.dylib
0x00000000034c1000 	/System/Library/Frameworks/OpenGL.framework/Versions/A/Libraries/libGFXShared.dylib
0x00000000034c1000 	/System/Library/Frameworks/OpenGL.framework/Versions/A/Libraries/libGL.dylib
0x00000000034c1000 	/System/Library/Frameworks/OpenGL.framework/Versions/A/Libraries/libGLImage.dylib
0x00000000034c1000 	/System/Library/Frameworks/OpenGL.framework/Versions/A/Libraries/libCVMSPluginSupport.dylib
0x00000000034c1000 	/System/Library/Frameworks/OpenGL.framework/Versions/A/Libraries/libCoreVMClient.dylib
0x00000000034c1000 	/usr/lib/libcups.2.dylib
0x00000000034c1000 	/System/Library/Frameworks/Kerberos.framework/Versions/A/Kerberos
0x00000000034c1000 	/System/Library/Frameworks/GSS.framework/Versions/A/GSS
0x00000000034c1000 	/usr/lib/libresolv.9.dylib
0x00000000034c1000 	/usr/lib/libiconv.2.dylib
0x00000000034c1000 	/System/Library/PrivateFrameworks/Heimdal.framework/Versions/A/Heimdal
0x00000000034c1000 	/usr/lib/libheimdal-asn1.dylib
0x00000000034c1000 	/System/Library/Frameworks/OpenDirectory.framework/Versions/A/OpenDirectory
0x00000000034c1000 	/System/Library/PrivateFrameworks/CommonAuth.framework/Versions/A/CommonAuth
0x00000000034c1000 	/System/Library/Frameworks/OpenDirectory.framework/Versions/A/Frameworks/CFOpenDirectory.framework/Versions/A/CFOpenDirectory
0x00000000034c1000 	/System/Library/Frameworks/SecurityFoundation.framework/Versions/A/SecurityFoundation
0x00000000034c1000 	/System/Library/PrivateFrameworks/LanguageModeling.framework/Versions/A/LanguageModeling
0x00000000034c1000 	/usr/lib/libcmph.dylib
0x00000000034c1000 	/System/Library/Frameworks/ServiceManagement.framework/Versions/A/ServiceManagement
0x00000000034c1000 	/usr/lib/libxslt.1.dylib
0x00000000034c1000 	/System/Library/Frameworks/Carbon.framework/Versions/A/Frameworks/Ink.framework/Versions/A/Ink
0x00000000034c1000 	/System/Library/Frameworks/QuartzCore.framework/Versions/A/Frameworks/CoreImage.framework/Versions/A/CoreImage
0x00000000034c1000 	/System/Library/PrivateFrameworks/CrashReporterSupport.framework/Versions/A/CrashReporterSupport
0x00000000034c1000 	/System/Library/Frameworks/OpenCL.framework/Versions/A/OpenCL
0x00000000034c1000 	/System/Library/PrivateFrameworks/FaceCore.framework/Versions/A/FaceCore
0x00000000034c1000 	/System/Library/PrivateFrameworks/Ubiquity.framework/Versions/A/Ubiquity
0x00000000034c1000 	/System/Library/PrivateFrameworks/IconServices.framework/Versions/A/IconServices
0x00000000034c1000 	/System/Library/PrivateFrameworks/ChunkingLibrary.framework/Versions/A/ChunkingLibrary
0x00000000034c1000 	/System/Library/PrivateFrameworks/Apple80211.framework/Versions/A/Apple80211
0x00000000034c1000 	/System/Library/Frameworks/CoreWLAN.framework/Versions/A/CoreWLAN
0x00000000034c1000 	/System/Library/Frameworks/IOBluetooth.framework/Versions/A/IOBluetooth
0x00000000034c1000 	/System/Library/PrivateFrameworks/CoreWiFi.framework/Versions/A/CoreWiFi
0x00000000034c1000 	/System/Library/Frameworks/CoreBluetooth.framework/Versions/A/CoreBluetooth
0x00000000034c1000 	/System/Library/PrivateFrameworks/DebugSymbols.framework/Versions/A/DebugSymbols
0x00000000034c1000 	/System/Library/PrivateFrameworks/CoreSymbolication.framework/Versions/A/CoreSymbolication
0x00000000034c1000 	/System/Library/PrivateFrameworks/Symbolication.framework/Versions/A/Symbolication
0x00000000034c1000 	/System/Library/PrivateFrameworks/SpeechRecognitionCore.framework/Versions/A/SpeechRecognitionCore
0x0000000106c00000 	/Library/Java/JavaVirtualMachines/jdk1.8.0.jdk/Contents/Home/jre/lib/server/libjvm.dylib
0x00000000034c1000 	/usr/lib/libstdc++.6.dylib
0x00000001053e8000 	/Library/Java/JavaVirtualMachines/jdk1.8.0.jdk/Contents/Home/jre/lib/libverify.dylib
0x0000000107abf000 	/Library/Java/JavaVirtualMachines/jdk1.8.0.jdk/Contents/Home/jre/lib/libjava.dylib
0x0000000107af3000 	/Library/Java/JavaVirtualMachines/jdk1.8.0.jdk/Contents/Home/jre/lib/libzip.dylib
0x000000012d4bc000 	/System/Library/Frameworks/JavaVM.framework/Frameworks/JavaRuntimeSupport.framework/JavaRuntimeSupport
0x000000012d4d4000 	/System/Library/Frameworks/JavaVM.framework/Versions/A/Frameworks/JavaNativeFoundation.framework/Versions/A/JavaNativeFoundation
0x000000012d4e9000 	/System/Library/Frameworks/JavaVM.framework/Versions/A/JavaVM
0x00000000034c1000 	/System/Library/Frameworks/Carbon.framework/Versions/A/Carbon
0x000000012d4f6000 	/System/Library/PrivateFrameworks/JavaLaunching.framework/Versions/A/JavaLaunching
0x00000000034c1000 	/System/Library/Frameworks/Carbon.framework/Versions/A/Frameworks/CommonPanels.framework/Versions/A/CommonPanels
0x00000000034c1000 	/System/Library/Frameworks/Carbon.framework/Versions/A/Frameworks/Help.framework/Versions/A/Help
0x00000000034c1000 	/System/Library/Frameworks/Carbon.framework/Versions/A/Frameworks/ImageCapture.framework/Versions/A/ImageCapture
0x00000000034c1000 	/System/Library/Frameworks/Carbon.framework/Versions/A/Frameworks/OpenScripting.framework/Versions/A/OpenScripting
0x00000000034c1000 	/System/Library/Frameworks/Carbon.framework/Versions/A/Frameworks/Print.framework/Versions/A/Print
0x00000000034c1000 	/System/Library/Frameworks/Carbon.framework/Versions/A/Frameworks/SecurityHI.framework/Versions/A/SecurityHI
0x000000012f7f6000 	/Applications/IntelliJ IDEA 14 CE.app/Contents/bin/libbreakgen64.jnilib
0x000000012f8fc000 	/Library/Java/JavaVirtualMachines/jdk1.8.0.jdk/Contents/Home/jre/lib/libnet.dylib
0x000000012fbcd000 	/Library/Java/JavaVirtualMachines/jdk1.8.0.jdk/Contents/Home/jre/lib/libawt.dylib
0x000000012fc7c000 	/Library/Java/JavaVirtualMachines/jdk1.8.0.jdk/Contents/Home/jre/lib/./libmlib_image.dylib
0x000000012fd48000 	/Library/Java/JavaVirtualMachines/jdk1.8.0.jdk/Contents/Home/jre/lib/libawt_lwawt.dylib
0x000000012fdfa000 	/Library/Java/JavaVirtualMachines/jdk1.8.0.jdk/Contents/Home/jre/lib/./libosxapp.dylib
0x00000000034c1000 	/System/Library/Frameworks/ExceptionHandling.framework/Versions/A/ExceptionHandling
0x00000000034c1000 	/System/Library/PrivateFrameworks/CoreServicesInternal.framework/Versions/A/CoreServicesInternal
0x00000000034c1000 	/System/Library/PrivateFrameworks/CloudDocs.framework/Versions/A/CloudDocs
0x00000000034c1000 	/System/Library/PrivateFrameworks/CoreDuet.framework/Versions/A/CoreDuet
0x00000000034c1000 	/System/Library/Frameworks/CloudKit.framework/Versions/A/CloudKit
0x00000000034c1000 	/System/Library/PrivateFrameworks/ProtocolBuffer.framework/Versions/A/ProtocolBuffer
0x00000000034c1000 	/System/Library/PrivateFrameworks/CoreDuetDaemonProtocol.framework/Versions/A/CoreDuetDaemonProtocol
0x00000000034c1000 	/System/Library/PrivateFrameworks/CoreDuetDebugLogging.framework/Versions/A/CoreDuetDebugLogging
0x00000000034c1000 	/System/Library/Frameworks/CoreLocation.framework/Versions/A/CoreLocation
0x00000000034c1000 	/System/Library/Frameworks/Accounts.framework/Versions/A/Accounts
0x00000000034c1000 	/System/Library/PrivateFrameworks/ApplePushService.framework/Versions/A/ApplePushService
0x00000000034c1000 	/System/Library/PrivateFrameworks/GeoServices.framework/Versions/A/GeoServices
0x00000000034c1000 	/System/Library/PrivateFrameworks/OAuth.framework/Versions/A/OAuth
0x00000000034c1000 	/System/Library/PrivateFrameworks/CoreDaemon.framework/Versions/B/CoreDaemon
0x00000000034c1000 	/usr/lib/libcrypto.0.9.8.dylib
0x00000000034c1000 	/System/Library/PrivateFrameworks/AppleSRP.framework/Versions/A/AppleSRP
0x00000000034c1000 	/System/Library/PrivateFrameworks/TrustEvaluationAgent.framework/Versions/A/TrustEvaluationAgent
0x00000000034c1000 	/System/Library/Frameworks/CoreGraphics.framework/Versions/A/Resources/libCGCMS.A.dylib
0x00000000034c1000 	/System/Library/Frameworks/CoreGraphics.framework/Versions/A/Resources/libRIP.A.dylib
0x00000000034c1000 	/System/Library/Frameworks/CoreGraphics.framework/Versions/A/Resources/libCGXType.A.dylib
0x00000000034c1000 	/System/Library/Frameworks/OpenCL.framework/Versions/A/Libraries/libcldcpuengine.dylib
0x00000000034c1000 	/System/Library/PrivateFrameworks/DiskImages.framework/Versions/A/DiskImages
0x00000000034c1000 	/System/Library/Frameworks/DiscRecording.framework/Versions/A/DiscRecording
0x00000000034c1000 	/usr/lib/libcsfde.dylib
0x00000000034c1000 	/usr/lib/libcurl.4.dylib
0x00000000034c1000 	/System/Library/PrivateFrameworks/MediaKit.framework/Versions/A/MediaKit
0x00000000034c1000 	/System/Library/PrivateFrameworks/ProtectedCloudStorage.framework/Versions/A/ProtectedCloudStorage
0x00000000034c1000 	/usr/lib/libCoreStorage.dylib
0x00000000034c1000 	/System/Library/PrivateFrameworks/EFILogin.framework/Versions/A/EFILogin
0x00000000034c1000 	/usr/lib/libutil.dylib
0x00000000034c1000 	/System/Library/PrivateFrameworks/FindMyDevice.framework/Versions/A/FindMyDevice
0x00000000034c1000 	/System/Library/Frameworks/LDAP.framework/Versions/A/LDAP
0x00000000034c1000 	/usr/lib/libsasl2.2.dylib
0x0000000132bbc000 	cl_kernels
0x0000000132bbe000 	/System/Library/Frameworks/OpenCL.framework/Versions/A/Libraries/ImageFormats/unorm8_bgra.dylib
0x0000000132bad000 	cl_kernels
0x00000000034c1000 	/System/Library/PrivateFrameworks/FamilyControls.framework/Versions/A/FamilyControls
0x00000000034c1000 	/System/Library/PrivateFrameworks/CommerceKit.framework/Versions/A/Frameworks/CommerceCore.framework/Versions/A/CommerceCore
0x00000000034c1000 	/System/Library/PrivateFrameworks/SystemAdministration.framework/Versions/A/SystemAdministration
0x00000000034c1000 	/System/Library/PrivateFrameworks/AppContainer.framework/Versions/A/AppContainer
0x00000000034c1000 	/System/Library/PrivateFrameworks/SecCodeWrapper.framework/Versions/A/SecCodeWrapper
0x00000000034c1000 	/System/Library/Frameworks/DirectoryService.framework/Versions/A/DirectoryService
0x00000000034c1000 	/System/Library/PrivateFrameworks/LoginUIKit.framework/Versions/A/Frameworks/LoginUICore.framework/Versions/A/LoginUICore
0x00000000034c1000 	/usr/lib/libodfde.dylib
0x0000000133e1f000 	/Library/Java/JavaVirtualMachines/jdk1.8.0.jdk/Contents/Home/jre/lib/libfontmanager.dylib
0x0000000133e85000 	/Users/jpbetz/projects/opengl-skeleton/build/natives/osx/liblwjgl.dylib
0x0000000131e47000 	/Library/Java/JavaVirtualMachines/jdk1.8.0.jdk/Contents/Home/jre/lib/libjawt.dylib
0x00000000034c1000 	/System/Library/Frameworks/OpenGL.framework/Versions/A/Resources/GLEngine.bundle/GLEngine
0x00000000034c1000 	/System/Library/Frameworks/OpenGL.framework/Versions/A/Libraries/libGLProgrammability.dylib
0x0000000000000000 	/System/Library/Extensions/AMDRadeonX4000GLDriver.bundle/Contents/MacOS/AMDRadeonX4000GLDriver
0x00000000034c1000 	/System/Library/PrivateFrameworks/IOAccelerator.framework/Versions/A/IOAccelerator
0x00000000034c1000 	/System/Library/PrivateFrameworks/GPUSupport.framework/Versions/A/Libraries/libGPUSupportMercury.dylib
0x00000000034c1000 	/System/Library/Frameworks/OpenGL.framework/Versions/A/Resources/GLRendererFloat.bundle/GLRendererFloat

VM Arguments:
jvm_args: -Djava.library.path=build/natives/osx -Didea.launcher.port=7533 -Didea.launcher.bin.path=/Applications/IntelliJ IDEA 14 CE.app/Contents/bin -Dfile.encoding=UTF-8 
java_command: com.intellij.rt.execution.application.AppMain hello.HelloWorld
java_class_path (initial): /Users/jpbetz/projects/opengl-skeleton/build/classes/main:/Users/jpbetz/projects/opengl-skeleton/build/resources/main:/Library/Java/JavaVirtualMachines/jdk1.8.0.jdk/Contents/Home/lib/ant-javafx.jar:/Library/Java/JavaVirtualMachines/jdk1.8.0.jdk/Contents/Home/lib/dt.jar:/Library/Java/JavaVirtualMachines/jdk1.8.0.jdk/Contents/Home/lib/javafx-mx.jar:/Library/Java/JavaVirtualMachines/jdk1.8.0.jdk/Contents/Home/lib/jconsole.jar:/Library/Java/JavaVirtualMachines/jdk1.8.0.jdk/Contents/Home/lib/sa-jdi.jar:/Library/Java/JavaVirtualMachines/jdk1.8.0.jdk/Contents/Home/lib/tools.jar:/Library/Java/JavaVirtualMachines/jdk1.8.0.jdk/Contents/Home/jre/lib/charsets.jar:/Library/Java/JavaVirtualMachines/jdk1.8.0.jdk/Contents/Home/jre/lib/deploy.jar:/Library/Java/JavaVirtualMachines/jdk1.8.0.jdk/Contents/Home/jre/lib/htmlconverter.jar:/Library/Java/JavaVirtualMachines/jdk1.8.0.jdk/Contents/Home/jre/lib/javaws.jar:/Library/Java/JavaVirtualMachines/jdk1.8.0.jdk/Contents/Home/jre/lib/jce.jar:/Library/Java/JavaVirtualMachines/jdk1.8.0.jdk/Contents/Home/jre/lib/jfr.jar:/Library/Java/JavaVirtualMachines/jdk1.8.0.jdk/Contents/Home/jre/lib/jfxswt.jar:/Library/Java/JavaVirtualMachines/jdk1.8.0.jdk/Contents/Home/jre/lib/jsse.jar:/Library/Java/JavaVirtualMachines/jdk1.8.0.jdk/Contents/Home/jre/lib/management-agent.jar:/Library/Java/JavaVirtualMachines/jdk1.8.0.jdk/Contents/Home/jre/lib/plugin.jar:/Library/Java/JavaVirtualMachines/jdk1.8.0.jdk/Contents/Home/jre/lib/resources.jar:/Library/Java/JavaVirtualMachines/jdk1.8.0.jdk/Contents/Home/jre/lib/rt.jar:/Library/Java/JavaVirtualMachines/jdk1.8.0.jdk/Contents/Home/jre/lib/ext/cldrdata.jar:/Library/Java/JavaVirtualMachines/jdk1.8.0.jdk/Contents/Home/jre/lib/ext/dnsns.jar:/Library/Java/JavaVirtualMachines/jdk1.8.0.jdk/Contents/Home/jre/lib/ext/jfxrt.jar:/Library/Java/JavaVirtualMachines/jdk1.8.0.jdk/Contents/Home/jre/lib/ext/localedata.jar:/Library/Java/JavaVirtualMachines/jdk1.8.0.jdk/Contents/Home/jre/lib/ext/nashorn.ja
Launcher Type: SUN_STANDARD

Environment Variables:
JAVA_HOME=/Library/Java/JavaVirtualMachines/jdk1.7.0_51.jdk/Contents/Home
CLASSPATH=:/usr/local/antlr-3.4/lib/antlr-3.4-complete.jar
PATH=/Library/Frameworks/Python.framework/Versions/2.7/bin:/usr/local/sbt/bin:/usr/local/gradle/bin:/usr/local/play-2.2.1:/Users/jpbetz/bin:/Users/jpbetz/.gem/ruby/2.0.0/bin:/Users/jpbetz/google-cloud-sdk/bin:/usr/local/bin:/usr/local/bin:/usr/local/sbin:/usr/bin:/bin:/usr/sbin:/sbin:/opt/X11/bin:/usr/local/MacGPG2/bin:MYSQL_HOME/bin:/usr/local/git/bin:/Library/Java/JavaVirtualMachines/jdk1.7.0_51.jdk/Contents/Home/bin:/usr/local/scala/bin:/Users/jbetz/projects/cli-util/example/bin:/Users/jbetz/projects/sudoku-dlx/cli-bin:/Users/jbetz/projects/kraken/bin:/Users/jbetz/projects/kraken/scripts:/usr/local/Cellar/llvm/3.4/bin
SHELL=/bin/zsh
DISPLAY=/private/tmp/com.apple.launchd.cujf3yeGOb/org.macosforge.xquartz:0

Signal Handlers:
SIGSEGV: [libjvm.dylib+0x55faef], sa_mask[0]=0xfffefeff, sa_flags=0x00000043
SIGBUS: [libjvm.dylib+0x55faef], sa_mask[0]=0xfffefeff, sa_flags=0x00000042
SIGFPE: [libjvm.dylib+0x44305a], sa_mask[0]=0xfffefeff, sa_flags=0x00000042
SIGPIPE: [libjvm.dylib+0x44305a], sa_mask[0]=0xfffefeff, sa_flags=0x00000042
SIGXFSZ: [libjvm.dylib+0x44305a], sa_mask[0]=0xfffefeff, sa_flags=0x00000042
SIGILL: [libjvm.dylib+0x44305a], sa_mask[0]=0xfffefeff, sa_flags=0x00000042
SIGUSR1: SIG_DFL, sa_mask[0]=0x00000000, sa_flags=0x00000000
SIGUSR2: [libjvm.dylib+0x442b78], sa_mask[0]=0x00000004, sa_flags=0x00000042
SIGHUP: [libjvm.dylib+0x440f05], sa_mask[0]=0xfffefeff, sa_flags=0x00000042
SIGINT: [libjvm.dylib+0x440f05], sa_mask[0]=0xfffefeff, sa_flags=0x00000042
SIGTERM: [libjvm.dylib+0x440f05], sa_mask[0]=0xfffefeff, sa_flags=0x00000042
SIGQUIT: [libjvm.dylib+0x440f05], sa_mask[0]=0xfffefeff, sa_flags=0x00000042


---------------  S Y S T E M  ---------------

OS:Bsduname:Darwin 14.1.0 Darwin Kernel Version 14.1.0: Mon Dec 22 23:10:38 PST 2014; root:xnu-2782.10.72~2/RELEASE_X86_64 x86_64
rlimit: STACK 8192k, CORE 0k, NPROC 709, NOFILE 10240, AS infinity
load average:2.07 2.63 2.76

CPU:total 12 (6 cores per cpu, 2 threads per core) family 6 model 62 stepping 4, cmov, cx8, fxsr, mmx, sse, sse2, sse3, ssse3, sse4.1, sse4.2, popcnt, avx, aes, clmul, erms, ht, tsc, tscinvbit

Memory: 4k page, physical 33554432k(4176228k free)

/proc/meminfo:


vm_info: Java HotSpot(TM) 64-Bit Server VM (25.0-b70) for bsd-amd64 JRE (1.8.0-b132), built on Mar  4 2014 03:11:43 by "java_re" with gcc 4.2.1 (Based on Apple Inc. build 5658) (LLVM build 2336.11.00)

time: Wed Feb 18 17:49:01 2015
elapsed time: 0 seconds

