#
# A fatal error has been detected by the Java Runtime Environment:
#
#  SIGSEGV (0xb) at pc=0x000000012d0cbf9f, pid=17963, tid=4867
#
# JRE version: Java(TM) SE Runtime Environment (8.0_31-b13) (build 1.8.0_31-b13)
# Java VM: Java HotSpot(TM) 64-Bit Server VM (25.31-b07 mixed mode bsd-amd64 compressed oops)
# Problematic frame:
# C  [GLEngine+0x15bf9f]  gleRunVertexSubmitImmediate+0x27ef
#
# Failed to write core dump. Core dumps have been disabled. To enable core dumping, try "ulimit -c unlimited" before starting Java again
#
# If you would like to submit a bug report, please visit:
#   http://bugreport.java.com/bugreport/crash.jsp
# The crash happened outside the Java Virtual Machine in native code.
# See problematic frame for where to report the bug.
#

---------------  T H R E A D  ---------------

Current thread (0x00007f904280a800):  JavaThread "main" [_thread_in_native, id=4867, stack(0x0000000107e8a000,0x0000000107f8a000)]

siginfo: si_signo: 11 (SIGSEGV), si_code: 1 (SEGV_MAPERR), si_addr: 0x0000000000000230

Registers:
RAX=0x000000012d0cbc5f, RBX=0x0000000000000006, RCX=0x0000000000000228, RDX=0x000000012d0cc468
RSP=0x0000000107f88560, RBP=0x0000000107f887b0, RSI=0x0000000000000006, RDI=0x0000000000000027
R8 =0x0000000000845800, R9 =0x00007f9046800c00, R10=0x00007f9041ecf5d0, R11=0x00007f9046800c00
R12=0x0000000000000003, R13=0x0000000000841804, R14=0x00007f9046800c00, R15=0x0000000000000001
RIP=0x000000012d0cbf9f, EFLAGS=0x0000000000010297, ERR=0x0000000000000004
  TRAPNO=0x000000000000000e

Top of Stack: (sp=0x0000000107f88560)
0x0000000107f88560:   0000000000000000 0000000000000000
0x0000000107f88570:   0000000000000000 0000000000000000
0x0000000107f88580:   0000000000000000 0000000000000000
0x0000000107f88590:   0000000000000000 0000000000000000
0x0000000107f885a0:   0000000000000000 0000000000000000
0x0000000107f885b0:   0000000000000000 0000000000000000
0x0000000107f885c0:   0000000000000000 0000000000000000
0x0000000107f885d0:   0000000000000000 0000000000000000
0x0000000107f885e0:   0000000000000000 0000000000000000
0x0000000107f885f0:   0000000000000000 0000000000000000
0x0000000107f88600:   0000000000000000 0000000000000000
0x0000000107f88610:   0000000000000000 0000000000000000
0x0000000107f88620:   0000000000000000 0000000000000000
0x0000000107f88630:   00007f9046800d40 00007f9046800d70
0x0000000107f88640:   00007f9046800d50 00007f9046800d80
0x0000000107f88650:   00007f9046800d60 00007f9046800da0
0x0000000107f88660:   0000000000000000 0000000000000000
0x0000000107f88670:   fffffffe00000002 00007f90458e2510
0x0000000107f88680:   000000000000108b 0000000000000001
0x0000000107f88690:   ffffffff10008010 0000000000000001
0x0000000107f886a0:   00007f9046800d90 0000000010008010
0x0000000107f886b0:   7a00000300000000 0000000000000000
0x0000000107f886c0:   00000c3300000000 00007fff88e02dd4
0x0000000107f886d0:   0000000002116000 0000000000000000
0x0000000107f886e0:   0000000107f8875c 0000000107f88760
0x0000000107f886f0:   0000000107f88764 00007f9041ecf538
0x0000000107f88700:   000000000000002e 0000000000000000
0x0000000107f88710:   0000000000000000 00007f9041ecf538
0x0000000107f88720:   00007f9046800c00 0000000000000000
0x0000000107f88730:   0000000000000000 00007f9046800c00
0x0000000107f88740:   0000000000000228 00000001282160c0
0x0000000107f88750:   0000000128255e40 0000000127e8a000 

Instructions: (pc=0x000000012d0cbf9f)
0x000000012d0cbf7f:   c6 66 0f 6d c0 66 49 0f 7e c7 bb 05 00 00 00 e9
0x000000012d0cbf8f:   bd 02 00 00 4c 8b 31 4c 8b 79 08 e9 2c f9 ff ff
0x000000012d0cbf9f:   f3 0f 10 49 08 f2 0f 10 01 66 0f 14 c1 66 49 0f
0x000000012d0cbfaf:   7e c6 66 0f 6d c0 66 49 0f 7e c7 e9 0c f9 ff ff 

Register to memory mapping:

RAX=0x000000012d0cbc5f: gleRunVertexSubmitImmediate+0x24af in /System/Library/Frameworks/OpenGL.framework/Resources/GLEngine.bundle/GLEngine at 0x000000012cf70000
RBX=0x0000000000000006 is an unknown value
RCX=0x0000000000000228 is an unknown value
RDX=0x000000012d0cc468: gleRunVertexSubmitImmediate+0x2cb8 in /System/Library/Frameworks/OpenGL.framework/Resources/GLEngine.bundle/GLEngine at 0x000000012cf70000
RSP=0x0000000107f88560 is pointing into the stack for thread: 0x00007f904280a800
RBP=0x0000000107f887b0 is pointing into the stack for thread: 0x00007f904280a800
RSI=0x0000000000000006 is an unknown value
RDI=0x0000000000000027 is an unknown value
R8 =0x0000000000845800 is an unknown value
R9 =0x00007f9046800c00 is an unknown value
R10=0x00007f9041ecf5d0 is an unknown value
R11=0x00007f9046800c00 is an unknown value
R12=0x0000000000000003 is an unknown value
R13=0x0000000000841804 is an unknown value
R14=0x00007f9046800c00 is an unknown value
R15=0x0000000000000001 is an unknown value


Stack: [0x0000000107e8a000,0x0000000107f8a000],  sp=0x0000000107f88560,  free space=1017k
Native frames: (J=compiled Java code, j=interpreted, Vv=VM code, C=native code)
C  [GLEngine+0x15bf9f]  gleRunVertexSubmitImmediate+0x27ef
C  [GLEngine+0xbbdea]  glDrawElements_GL3Exec+0x2bf
j  org.lwjgl.opengl.GL11.nglDrawElementsBO(IIIJJ)V+0
j  org.lwjgl.opengl.GL11.glDrawElements(IIIJ)V+28
j  hello.HelloWorld$$anonfun$display$1.apply$mcV$sp()V+19
j  hello.HelloWorld$$anonfun$display$1.apply()V+1
j  hello.HelloWorld$$anonfun$display$1.apply()Ljava/lang/Object;+1
j  state.State$class.run(Lstate/State;Lscala/Function0;)Ljava/lang/Object;+7
j  state.State$$anon$1.run(Lscala/Function0;)Ljava/lang/Object;+2
j  hello.HelloWorld.display(F)V+272
j  hello.SingleWindowScene.run()V+35
j  hello.HelloWorld$delayedInit$body.apply()Ljava/lang/Object;+7
j  scala.Function0$class.apply$mcV$sp(Lscala/Function0;)V+1
j  scala.runtime.AbstractFunction0.apply$mcV$sp()V+1
j  scala.App$$anonfun$main$1.apply(Lscala/Function0;)V+1
j  scala.App$$anonfun$main$1.apply(Ljava/lang/Object;)Ljava/lang/Object;+5
j  scala.collection.immutable.List.foreach(Lscala/Function1;)V+15
j  scala.collection.generic.TraversableForwarder$class.foreach(Lscala/collection/generic/TraversableForwarder;Lscala/Function1;)V+7
j  scala.App$class.main(Lscala/App;[Ljava/lang/String;)V+21
j  hello.HelloWorld$.main([Ljava/lang/String;)V+2
j  hello.HelloWorld.main([Ljava/lang/String;)V+4
v  ~StubRoutines::call_stub
V  [libjvm.dylib+0x2d4442]  JavaCalls::call_helper(JavaValue*, methodHandle*, JavaCallArguments*, Thread*)+0x6ae
V  [libjvm.dylib+0x4a32d6]  Reflection::invoke(instanceKlassHandle, methodHandle, Handle, bool, objArrayHandle, BasicType, objArrayHandle, bool, Thread*)+0xdf8
V  [libjvm.dylib+0x4a37f0]  Reflection::invoke_method(oopDesc*, Handle, objArrayHandle, Thread*)+0x16c
V  [libjvm.dylib+0x322ac8]  JVM_InvokeMethod+0x166
j  sun.reflect.NativeMethodAccessorImpl.invoke0(Ljava/lang/reflect/Method;Ljava/lang/Object;[Ljava/lang/Object;)Ljava/lang/Object;+0
j  sun.reflect.NativeMethodAccessorImpl.invoke(Ljava/lang/Object;[Ljava/lang/Object;)Ljava/lang/Object;+100
j  sun.reflect.DelegatingMethodAccessorImpl.invoke(Ljava/lang/Object;[Ljava/lang/Object;)Ljava/lang/Object;+6
j  java.lang.reflect.Method.invoke(Ljava/lang/Object;[Ljava/lang/Object;)Ljava/lang/Object;+56
j  com.intellij.rt.execution.application.AppMain.main([Ljava/lang/String;)V+163
v  ~StubRoutines::call_stub
V  [libjvm.dylib+0x2d4442]  JavaCalls::call_helper(JavaValue*, methodHandle*, JavaCallArguments*, Thread*)+0x6ae
V  [libjvm.dylib+0x3094bb]  jni_invoke_static(JNIEnv_*, JavaValue*, _jobject*, JNICallType, _jmethodID*, JNI_ArgumentPusher*, Thread*)+0x1bf
V  [libjvm.dylib+0x3026b5]  jni_CallStaticVoidMethod+0x15d
C  [java+0x2c82]  JavaMain+0x998
C  [libsystem_pthread.dylib+0x3268]  _pthread_body+0x83
C  [libsystem_pthread.dylib+0x31e5]  _pthread_body+0x0
C  [libsystem_pthread.dylib+0x141d]  thread_start+0xd
C  0x0000000000000000

Java frames: (J=compiled Java code, j=interpreted, Vv=VM code)
j  org.lwjgl.opengl.GL11.nglDrawElementsBO(IIIJJ)V+0
j  org.lwjgl.opengl.GL11.glDrawElements(IIIJ)V+28
j  hello.HelloWorld$$anonfun$display$1.apply$mcV$sp()V+19
j  hello.HelloWorld$$anonfun$display$1.apply()V+1
j  hello.HelloWorld$$anonfun$display$1.apply()Ljava/lang/Object;+1
j  state.State$class.run(Lstate/State;Lscala/Function0;)Ljava/lang/Object;+7
j  state.State$$anon$1.run(Lscala/Function0;)Ljava/lang/Object;+2
j  hello.HelloWorld.display(F)V+272
j  hello.SingleWindowScene.run()V+35
j  hello.HelloWorld$delayedInit$body.apply()Ljava/lang/Object;+7
j  scala.Function0$class.apply$mcV$sp(Lscala/Function0;)V+1
j  scala.runtime.AbstractFunction0.apply$mcV$sp()V+1
j  scala.App$$anonfun$main$1.apply(Lscala/Function0;)V+1
j  scala.App$$anonfun$main$1.apply(Ljava/lang/Object;)Ljava/lang/Object;+5
j  scala.collection.immutable.List.foreach(Lscala/Function1;)V+15
j  scala.collection.generic.TraversableForwarder$class.foreach(Lscala/collection/generic/TraversableForwarder;Lscala/Function1;)V+7
j  scala.App$class.main(Lscala/App;[Ljava/lang/String;)V+21
j  hello.HelloWorld$.main([Ljava/lang/String;)V+2
j  hello.HelloWorld.main([Ljava/lang/String;)V+4
v  ~StubRoutines::call_stub
j  sun.reflect.NativeMethodAccessorImpl.invoke0(Ljava/lang/reflect/Method;Ljava/lang/Object;[Ljava/lang/Object;)Ljava/lang/Object;+0
j  sun.reflect.NativeMethodAccessorImpl.invoke(Ljava/lang/Object;[Ljava/lang/Object;)Ljava/lang/Object;+100
j  sun.reflect.DelegatingMethodAccessorImpl.invoke(Ljava/lang/Object;[Ljava/lang/Object;)Ljava/lang/Object;+6
j  java.lang.reflect.Method.invoke(Ljava/lang/Object;[Ljava/lang/Object;)Ljava/lang/Object;+56
j  com.intellij.rt.execution.application.AppMain.main([Ljava/lang/String;)V+163
v  ~StubRoutines::call_stub

---------------  P R O C E S S  ---------------

Java Threads: ( => current thread )
  0x00007f90423cb800 JavaThread "AWT-Shutdown" [_thread_blocked, id=32007, stack(0x000000012a5a8000,0x000000012a6a8000)]
  0x00007f904585c800 JavaThread "AppKit Thread" daemon [_thread_in_native, id=1299, stack(0x00007fff5768c000,0x00007fff57e8c000)]
  0x00007f9042098000 JavaThread "Monitor Ctrl-Break" daemon [_thread_in_native, id=21763, stack(0x0000000127cbf000,0x0000000127dbf000)]
  0x00007f9043814000 JavaThread "Service Thread" daemon [_thread_blocked, id=20739, stack(0x000000012782e000,0x000000012792e000)]
  0x00007f9042844800 JavaThread "C1 CompilerThread3" daemon [_thread_blocked, id=20227, stack(0x000000012772b000,0x000000012782b000)]
  0x00007f9043063800 JavaThread "C2 CompilerThread2" daemon [_thread_blocked, id=19715, stack(0x0000000127628000,0x0000000127728000)]
  0x00007f904302d000 JavaThread "C2 CompilerThread1" daemon [_thread_blocked, id=19203, stack(0x0000000127525000,0x0000000127625000)]
  0x00007f9042016800 JavaThread "C2 CompilerThread0" daemon [_thread_blocked, id=18691, stack(0x0000000127422000,0x0000000127522000)]
  0x00007f9042015800 JavaThread "Signal Dispatcher" daemon [_thread_blocked, id=15383, stack(0x000000012731f000,0x000000012741f000)]
  0x00007f9043028800 JavaThread "Finalizer" daemon [_thread_blocked, id=13571, stack(0x00000001259f1000,0x0000000125af1000)]
  0x00007f9043027800 JavaThread "Reference Handler" daemon [_thread_blocked, id=13059, stack(0x00000001258ee000,0x00000001259ee000)]
=>0x00007f904280a800 JavaThread "main" [_thread_in_native, id=4867, stack(0x0000000107e8a000,0x0000000107f8a000)]

Other Threads:
  0x00007f9042843800 VMThread [stack: 0x00000001257eb000,0x00000001258eb000] [id=12547]
  0x00007f9043815000 WatcherThread [stack: 0x0000000127931000,0x0000000127a31000] [id=21251]

VM state:not at safepoint (normal execution)

VM Mutex/Monitor currently owned by a thread: None

Heap:
 PSYoungGen      total 141824K, used 98950K [0x000000076ab00000, 0x0000000774000000, 0x00000007c0000000)
  eden space 131072K, 74% used [0x000000076ab00000,0x0000000770a63648,0x0000000772b00000)
  from space 10752K, 11% used [0x0000000773580000,0x00000007736be380,0x0000000774000000)
  to   space 10752K, 0% used [0x0000000772b00000,0x0000000772b00000,0x0000000773580000)
 ParOldGen       total 175104K, used 40K [0x00000006c0000000, 0x00000006cab00000, 0x000000076ab00000)
  object space 175104K, 0% used [0x00000006c0000000,0x00000006c000a000,0x00000006cab00000)
 Metaspace       used 10612K, capacity 10701K, committed 11008K, reserved 1058816K
  class space    used 1410K, capacity 1461K, committed 1536K, reserved 1048576K

Card table byte_map: [0x00000001192df000,0x0000000119ae0000] byte_map_base: 0x0000000115cdf000

Marking Bits: (ParMarkBitMap*) 0x000000010989e410
 Begin Bits: [0x000000011a84e000, 0x000000011e84e000)
 End Bits:   [0x000000011e84e000, 0x000000012284e000)

Polling page: 0x0000000107fce000

CodeCache: size=245760Kb used=4121Kb max_used=4134Kb free=241639Kb
 bounds [0x0000000109f1f000, 0x000000010a32f000, 0x0000000118f1f000]
 total_blobs=1657 nmethods=1236 adapters=335
 compilation: enabled

Compilation events (10 events):
Event: 0.985 Thread 0x00007f9042844800 nmethod 1237 0x000000010a322250 code [0x000000010a3223c0, 0x000000010a322530]
Event: 0.985 Thread 0x00007f9042844800 1238       2       java.lang.Byte::toString (8 bytes)
Event: 0.985 Thread 0x00007f904302d000 1244       4       java.lang.Integer::getChars (131 bytes)
Event: 0.985 Thread 0x00007f9042844800 nmethod 1238 0x000000010a322610 code [0x000000010a322780, 0x000000010a3228e8]
Event: 0.985 Thread 0x00007f9043063800 nmethod 1243 0x000000010a325650 code [0x000000010a3257a0, 0x000000010a325858]
Event: 0.986 Thread 0x00007f9042844800 1245       3       java.lang.ClassLoader::checkPackageAccess (122 bytes)
Event: 0.987 Thread 0x00007f9042844800 nmethod 1245 0x000000010a3242d0 code [0x000000010a324500, 0x000000010a3250c8]
Event: 0.987 Thread 0x00007f9042844800 1246   !   3       java.util.Collections$SynchronizedCollection::add (25 bytes)
Event: 0.987 Thread 0x00007f9042844800 nmethod 1246 0x000000010a323c50 code [0x000000010a323dc0, 0x000000010a324188]
Event: 0.991 Thread 0x00007f904302d000 nmethod 1244 0x000000010a328a90 code [0x000000010a328c00, 0x000000010a329138]

GC Heap History (8 events):
Event: 0.400 GC heap before
{Heap before GC invocations=1 (full 0):
 PSYoungGen      total 76288K, used 65536K [0x000000076ab00000, 0x0000000770000000, 0x00000007c0000000)
  eden space 65536K, 100% used [0x000000076ab00000,0x000000076eb00000,0x000000076eb00000)
  from space 10752K, 0% used [0x000000076f580000,0x000000076f580000,0x0000000770000000)
  to   space 10752K, 0% used [0x000000076eb00000,0x000000076eb00000,0x000000076f580000)
 ParOldGen       total 175104K, used 0K [0x00000006c0000000, 0x00000006cab00000, 0x000000076ab00000)
  object space 175104K, 0% used [0x00000006c0000000,0x00000006c0000000,0x00000006cab00000)
 Metaspace       used 6952K, capacity 7704K, committed 8064K, reserved 1056768K
  class space    used 1005K, capacity 1032K, committed 1152K, reserved 1048576K
Event: 0.404 GC heap after
Heap after GC invocations=1 (full 0):
 PSYoungGen      total 76288K, used 3731K [0x000000076ab00000, 0x0000000770000000, 0x00000007c0000000)
  eden space 65536K, 0% used [0x000000076ab00000,0x000000076ab00000,0x000000076eb00000)
  from space 10752K, 34% used [0x000000076eb00000,0x000000076eea4c80,0x000000076f580000)
  to   space 10752K, 0% used [0x000000076f580000,0x000000076f580000,0x0000000770000000)
 ParOldGen       total 175104K, used 16K [0x00000006c0000000, 0x00000006cab00000, 0x000000076ab00000)
  object space 175104K, 0% used [0x00000006c0000000,0x00000006c0004000,0x00000006cab00000)
 Metaspace       used 6952K, capacity 7704K, committed 8064K, reserved 1056768K
  class space    used 1005K, capacity 1032K, committed 1152K, reserved 1048576K
}
Event: 0.419 GC heap before
{Heap before GC invocations=2 (full 0):
 PSYoungGen      total 76288K, used 69267K [0x000000076ab00000, 0x0000000770000000, 0x00000007c0000000)
  eden space 65536K, 100% used [0x000000076ab00000,0x000000076eb00000,0x000000076eb00000)
  from space 10752K, 34% used [0x000000076eb00000,0x000000076eea4c80,0x000000076f580000)
  to   space 10752K, 0% used [0x000000076f580000,0x000000076f580000,0x0000000770000000)
 ParOldGen       total 175104K, used 16K [0x00000006c0000000, 0x00000006cab00000, 0x000000076ab00000)
  object space 175104K, 0% used [0x00000006c0000000,0x00000006c0004000,0x00000006cab00000)
 Metaspace       used 6992K, capacity 7704K, committed 8064K, reserved 1056768K
  class space    used 1005K, capacity 1032K, committed 1152K, reserved 1048576K
Event: 0.420 GC heap after
Heap after GC invocations=2 (full 0):
 PSYoungGen      total 76288K, used 1143K [0x000000076ab00000, 0x0000000774000000, 0x00000007c0000000)
  eden space 65536K, 0% used [0x000000076ab00000,0x000000076ab00000,0x000000076eb00000)
  from space 10752K, 10% used [0x000000076f580000,0x000000076f69dde0,0x0000000770000000)
  to   space 10752K, 0% used [0x000000076eb00000,0x000000076eb00000,0x000000076f580000)
 ParOldGen       total 175104K, used 24K [0x00000006c0000000, 0x00000006cab00000, 0x000000076ab00000)
  object space 175104K, 0% used [0x00000006c0000000,0x00000006c0006000,0x00000006cab00000)
 Metaspace       used 6992K, capacity 7704K, committed 8064K, reserved 1056768K
  class space    used 1005K, capacity 1032K, committed 1152K, reserved 1048576K
}
Event: 0.430 GC heap before
{Heap before GC invocations=3 (full 0):
 PSYoungGen      total 76288K, used 66679K [0x000000076ab00000, 0x0000000774000000, 0x00000007c0000000)
  eden space 65536K, 100% used [0x000000076ab00000,0x000000076eb00000,0x000000076eb00000)
  from space 10752K, 10% used [0x000000076f580000,0x000000076f69dde0,0x0000000770000000)
  to   space 10752K, 0% used [0x000000076eb00000,0x000000076eb00000,0x000000076f580000)
 ParOldGen       total 175104K, used 24K [0x00000006c0000000, 0x00000006cab00000, 0x000000076ab00000)
  object space 175104K, 0% used [0x00000006c0000000,0x00000006c0006000,0x00000006cab00000)
 Metaspace       used 6997K, capacity 7704K, committed 8064K, reserved 1056768K
  class space    used 1005K, capacity 1032K, committed 1152K, reserved 1048576K
Event: 0.431 GC heap after
Heap after GC invocations=3 (full 0):
 PSYoungGen      total 76288K, used 1096K [0x000000076ab00000, 0x0000000774000000, 0x00000007c0000000)
  eden space 65536K, 0% used [0x000000076ab00000,0x000000076ab00000,0x000000076eb00000)
  from space 10752K, 10% used [0x000000076eb00000,0x000000076ec12390,0x000000076f580000)
  to   space 10752K, 0% used [0x0000000773580000,0x0000000773580000,0x0000000774000000)
 ParOldGen       total 175104K, used 32K [0x00000006c0000000, 0x00000006cab00000, 0x000000076ab00000)
  object space 175104K, 0% used [0x00000006c0000000,0x00000006c0008000,0x00000006cab00000)
 Metaspace       used 6997K, capacity 7704K, committed 8064K, reserved 1056768K
  class space    used 1005K, capacity 1032K, committed 1152K, reserved 1048576K
}
Event: 0.460 GC heap before
{Heap before GC invocations=4 (full 0):
 PSYoungGen      total 76288K, used 66632K [0x000000076ab00000, 0x0000000774000000, 0x00000007c0000000)
  eden space 65536K, 100% used [0x000000076ab00000,0x000000076eb00000,0x000000076eb00000)
  from space 10752K, 10% used [0x000000076eb00000,0x000000076ec12390,0x000000076f580000)
  to   space 10752K, 0% used [0x0000000773580000,0x0000000773580000,0x0000000774000000)
 ParOldGen       total 175104K, used 32K [0x00000006c0000000, 0x00000006cab00000, 0x000000076ab00000)
  object space 175104K, 0% used [0x00000006c0000000,0x00000006c0008000,0x00000006cab00000)
 Metaspace       used 7128K, capacity 7864K, committed 8064K, reserved 1056768K
  class space    used 1034K, capacity 1064K, committed 1152K, reserved 1048576K
Event: 0.462 GC heap after
Heap after GC invocations=4 (full 0):
 PSYoungGen      total 141824K, used 1272K [0x000000076ab00000, 0x0000000774000000, 0x00000007c0000000)
  eden space 131072K, 0% used [0x000000076ab00000,0x000000076ab00000,0x0000000772b00000)
  from space 10752K, 11% used [0x0000000773580000,0x00000007736be380,0x0000000774000000)
  to   space 10752K, 0% used [0x0000000772b00000,0x0000000772b00000,0x0000000773580000)
 ParOldGen       total 175104K, used 40K [0x00000006c0000000, 0x00000006cab00000, 0x000000076ab00000)
  object space 175104K, 0% used [0x00000006c0000000,0x00000006c000a000,0x00000006cab00000)
 Metaspace       used 7128K, capacity 7864K, committed 8064K, reserved 1056768K
  class space    used 1034K, capacity 1064K, committed 1152K, reserved 1048576K
}

Deoptimization events (10 events):
Event: 0.532 Thread 0x00007f904280a800 Uncommon trap: reason=bimorphic action=maybe_recompile pc=0x000000010a242ce8 method=scala.collection.immutable.List.foreach(Lscala/Function1;)V @ 15
Event: 0.766 Thread 0x00007f904585c800 Uncommon trap: reason=unreached action=reinterpret pc=0x000000010a0eb404 method=java.util.HashMap.getNode(ILjava/lang/Object;)Ljava/util/HashMap$Node; @ 116
Event: 0.767 Thread 0x00007f904585c800 Uncommon trap: reason=unreached action=reinterpret pc=0x000000010a0e3bc0 method=java.util.HashMap.getNode(ILjava/lang/Object;)Ljava/util/HashMap$Node; @ 116
Event: 0.964 Thread 0x00007f904280a800 Uncommon trap: reason=class_check action=maybe_recompile pc=0x000000010a26b11c method=scala.collection.TraversableLike$$anonfun$map$1.apply(Ljava/lang/Object;)Lscala/collection/mutable/Builder; @ 14
Event: 0.964 Thread 0x00007f904280a800 Uncommon trap: reason=class_check action=maybe_recompile pc=0x000000010a26b11c method=scala.collection.TraversableLike$$anonfun$map$1.apply(Ljava/lang/Object;)Lscala/collection/mutable/Builder; @ 14
Event: 0.969 Thread 0x00007f904280a800 Uncommon trap: reason=class_check action=maybe_recompile pc=0x000000010a15f754 method=scala.collection.Iterator$$anon$11.hasNext()Z @ 4
Event: 0.969 Thread 0x00007f904280a800 Uncommon trap: reason=class_check action=maybe_recompile pc=0x000000010a15ee50 method=scala.collection.Iterator$$anon$11.next()Ljava/lang/Object; @ 8
Event: 0.970 Thread 0x00007f904280a800 Uncommon trap: reason=class_check action=maybe_recompile pc=0x000000010a15f754 method=scala.collection.Iterator$$anon$11.hasNext()Z @ 4
Event: 0.970 Thread 0x00007f904280a800 Uncommon trap: reason=class_check action=maybe_recompile pc=0x000000010a15ee50 method=scala.collection.Iterator$$anon$11.next()Ljava/lang/Object; @ 8
Event: 0.970 Thread 0x00007f904280a800 Uncommon trap: reason=class_check action=maybe_recompile pc=0x000000010a15f754 method=scala.collection.Iterator$$anon$11.hasNext()Z @ 4

Internal exceptions (10 events):
Event: 0.978 Thread 0x00007f904280a800 Exception <a 'java/security/PrivilegedActionException'> (0x00000007708a22a8) thrown at [/Users/java_re/workspace/8-2-build-macosx-x86_64/jdk8u31/2394/hotspot/src/share/vm/prims/jvm.cpp, line 1312]
Event: 0.978 Thread 0x00007f904280a800 Exception <a 'java/security/PrivilegedActionException'> (0x00000007708ab0e0) thrown at [/Users/java_re/workspace/8-2-build-macosx-x86_64/jdk8u31/2394/hotspot/src/share/vm/prims/jvm.cpp, line 1312]
Event: 0.978 Thread 0x00007f904280a800 Exception <a 'java/security/PrivilegedActionException'> (0x00000007708b1b88) thrown at [/Users/java_re/workspace/8-2-build-macosx-x86_64/jdk8u31/2394/hotspot/src/share/vm/prims/jvm.cpp, line 1312]
Event: 0.979 Thread 0x00007f904280a800 Exception <a 'java/security/PrivilegedActionException'> (0x00000007708c4878) thrown at [/Users/java_re/workspace/8-2-build-macosx-x86_64/jdk8u31/2394/hotspot/src/share/vm/prims/jvm.cpp, line 1312]
Event: 0.980 Thread 0x00007f904280a800 Exception <a 'java/security/PrivilegedActionException'> (0x00000007708d2ba8) thrown at [/Users/java_re/workspace/8-2-build-macosx-x86_64/jdk8u31/2394/hotspot/src/share/vm/prims/jvm.cpp, line 1312]
Event: 0.981 Thread 0x00007f904280a800 Exception <a 'java/security/PrivilegedActionException'> (0x00000007708dd0f0) thrown at [/Users/java_re/workspace/8-2-build-macosx-x86_64/jdk8u31/2394/hotspot/src/share/vm/prims/jvm.cpp, line 1312]
Event: 0.983 Thread 0x00007f904280a800 Exception <a 'java/security/PrivilegedActionException'> (0x0000000770907380) thrown at [/Users/java_re/workspace/8-2-build-macosx-x86_64/jdk8u31/2394/hotspot/src/share/vm/prims/jvm.cpp, line 1312]
Event: 0.986 Thread 0x00007f904280a800 Exception <a 'java/security/PrivilegedActionException'> (0x00000007709daf00) thrown at [/Users/java_re/workspace/8-2-build-macosx-x86_64/jdk8u31/2394/hotspot/src/share/vm/prims/jvm.cpp, line 1312]
Event: 0.986 Thread 0x00007f904280a800 Exception <a 'java/security/PrivilegedActionException'> (0x00000007709df058) thrown at [/Users/java_re/workspace/8-2-build-macosx-x86_64/jdk8u31/2394/hotspot/src/share/vm/prims/jvm.cpp, line 1312]
Event: 0.988 Thread 0x00007f904280a800 Exception <a 'java/security/PrivilegedActionException'> (0x00000007709e3b78) thrown at [/Users/java_re/workspace/8-2-build-macosx-x86_64/jdk8u31/2394/hotspot/src/share/vm/prims/jvm.cpp, line 1312]

Events (10 events):
Event: 0.981 loading class scala/collection/mutable/ArrayOps$ofByte
Event: 0.981 loading class scala/collection/mutable/ArrayOps$ofByte done
Event: 0.983 loading class scala/collection/mutable/ArrayOps$ofByte$
Event: 0.983 loading class scala/collection/mutable/ArrayOps$ofByte$ done
Event: 0.986 loading class state/State$$anon$1
Event: 0.986 loading class state/State$$anon$1 done
Event: 0.986 loading class hello/HelloWorld$$anonfun$display$1
Event: 0.986 loading class hello/HelloWorld$$anonfun$display$1 done
Event: 0.987 loading class org/lwjgl/opengl/GL31
Event: 0.987 loading class org/lwjgl/opengl/GL31 done


Dynamic libraries:
0x00000000080ec000 	/System/Library/Frameworks/Cocoa.framework/Versions/A/Cocoa
0x00000000080ec000 	/System/Library/Frameworks/Security.framework/Versions/A/Security
0x00000000080ec000 	/System/Library/Frameworks/ApplicationServices.framework/Versions/A/ApplicationServices
0x00000000080ec000 	/usr/lib/libz.1.dylib
0x00000000080ec000 	/usr/lib/libSystem.B.dylib
0x00000000080ec000 	/usr/lib/libobjc.A.dylib
0x00000000080ec000 	/System/Library/Frameworks/CoreFoundation.framework/Versions/A/CoreFoundation
0x00000000080ec000 	/System/Library/Frameworks/Foundation.framework/Versions/C/Foundation
0x00000000080ec000 	/System/Library/Frameworks/AppKit.framework/Versions/C/AppKit
0x00000000080ec000 	/System/Library/Frameworks/CoreData.framework/Versions/A/CoreData
0x00000000080ec000 	/System/Library/PrivateFrameworks/RemoteViewServices.framework/Versions/A/RemoteViewServices
0x00000000080ec000 	/System/Library/PrivateFrameworks/UIFoundation.framework/Versions/A/UIFoundation
0x00000000080ec000 	/System/Library/Frameworks/IOSurface.framework/Versions/A/IOSurface
0x00000000080ec000 	/System/Library/Frameworks/AudioToolbox.framework/Versions/A/AudioToolbox
0x00000000080ec000 	/System/Library/Frameworks/AudioUnit.framework/Versions/A/AudioUnit
0x00000000080ec000 	/System/Library/PrivateFrameworks/DataDetectorsCore.framework/Versions/A/DataDetectorsCore
0x00000000080ec000 	/System/Library/PrivateFrameworks/DesktopServicesPriv.framework/Versions/A/DesktopServicesPriv
0x00000000080ec000 	/System/Library/Frameworks/Carbon.framework/Versions/A/Frameworks/HIToolbox.framework/Versions/A/HIToolbox
0x00000000080ec000 	/System/Library/Frameworks/QuartzCore.framework/Versions/A/QuartzCore
0x00000000080ec000 	/System/Library/Frameworks/Carbon.framework/Versions/A/Frameworks/SpeechRecognition.framework/Versions/A/SpeechRecognition
0x00000000080ec000 	/usr/lib/libauto.dylib
0x00000000080ec000 	/usr/lib/libicucore.A.dylib
0x00000000080ec000 	/usr/lib/libxml2.2.dylib
0x00000000080ec000 	/System/Library/PrivateFrameworks/CoreUI.framework/Versions/A/CoreUI
0x00000000080ec000 	/System/Library/Frameworks/CoreAudio.framework/Versions/A/CoreAudio
0x00000000080ec000 	/System/Library/Frameworks/DiskArbitration.framework/Versions/A/DiskArbitration
0x00000000080ec000 	/usr/lib/liblangid.dylib
0x00000000080ec000 	/System/Library/PrivateFrameworks/MultitouchSupport.framework/Versions/A/MultitouchSupport
0x00000000080ec000 	/System/Library/Frameworks/IOKit.framework/Versions/A/IOKit
0x00000000080ec000 	/usr/lib/libDiagnosticMessagesClient.dylib
0x00000000080ec000 	/System/Library/Frameworks/CoreServices.framework/Versions/A/CoreServices
0x00000000080ec000 	/System/Library/PrivateFrameworks/PerformanceAnalysis.framework/Versions/A/PerformanceAnalysis
0x00000000080ec000 	/System/Library/PrivateFrameworks/GenerationalStorage.framework/Versions/A/GenerationalStorage
0x00000000080ec000 	/System/Library/Frameworks/OpenGL.framework/Versions/A/OpenGL
0x00000000080ec000 	/System/Library/PrivateFrameworks/Sharing.framework/Versions/A/Sharing
0x00000000080ec000 	/System/Library/Frameworks/CoreGraphics.framework/Versions/A/CoreGraphics
0x00000000080ec000 	/System/Library/Frameworks/CoreText.framework/Versions/A/CoreText
0x00000000080ec000 	/System/Library/Frameworks/ImageIO.framework/Versions/A/ImageIO
0x00000000080ec000 	/usr/lib/libextension.dylib
0x00000000080ec000 	/System/Library/PrivateFrameworks/Backup.framework/Versions/A/Backup
0x00000000080ec000 	/usr/lib/libarchive.2.dylib
0x00000000080ec000 	/System/Library/Frameworks/CFNetwork.framework/Versions/A/CFNetwork
0x00000000080ec000 	/System/Library/Frameworks/SystemConfiguration.framework/Versions/A/SystemConfiguration
0x00000000080ec000 	/usr/lib/libCRFSuite.dylib
0x00000000080ec000 	/usr/lib/libc++.1.dylib
0x00000000080ec000 	/usr/lib/libc++abi.dylib
0x00000000080ec000 	/usr/lib/system/libcache.dylib
0x00000000080ec000 	/usr/lib/system/libcommonCrypto.dylib
0x00000000080ec000 	/usr/lib/system/libcompiler_rt.dylib
0x00000000080ec000 	/usr/lib/system/libcopyfile.dylib
0x00000000080ec000 	/usr/lib/system/libcorecrypto.dylib
0x00000000080ec000 	/usr/lib/system/libdispatch.dylib
0x00000000080ec000 	/usr/lib/system/libdyld.dylib
0x00000000080ec000 	/usr/lib/system/libkeymgr.dylib
0x00000000080ec000 	/usr/lib/system/liblaunch.dylib
0x00000000080ec000 	/usr/lib/system/libmacho.dylib
0x00000000080ec000 	/usr/lib/system/libquarantine.dylib
0x00000000080ec000 	/usr/lib/system/libremovefile.dylib
0x00000000080ec000 	/usr/lib/system/libsystem_asl.dylib
0x00000000080ec000 	/usr/lib/system/libsystem_blocks.dylib
0x00000000080ec000 	/usr/lib/system/libsystem_c.dylib
0x00000000080ec000 	/usr/lib/system/libsystem_configuration.dylib
0x00000000080ec000 	/usr/lib/system/libsystem_coreservices.dylib
0x00000000080ec000 	/usr/lib/system/libsystem_coretls.dylib
0x00000000080ec000 	/usr/lib/system/libsystem_dnssd.dylib
0x00000000080ec000 	/usr/lib/system/libsystem_info.dylib
0x00000000080ec000 	/usr/lib/system/libsystem_kernel.dylib
0x00000000080ec000 	/usr/lib/system/libsystem_m.dylib
0x00000000080ec000 	/usr/lib/system/libsystem_malloc.dylib
0x00000000080ec000 	/usr/lib/system/libsystem_network.dylib
0x00000000080ec000 	/usr/lib/system/libsystem_networkextension.dylib
0x00000000080ec000 	/usr/lib/system/libsystem_notify.dylib
0x00000000080ec000 	/usr/lib/system/libsystem_platform.dylib
0x00000000080ec000 	/usr/lib/system/libsystem_pthread.dylib
0x00000000080ec000 	/usr/lib/system/libsystem_sandbox.dylib
0x00000000080ec000 	/usr/lib/system/libsystem_secinit.dylib
0x00000000080ec000 	/usr/lib/system/libsystem_stats.dylib
0x00000000080ec000 	/usr/lib/system/libsystem_trace.dylib
0x00000000080ec000 	/usr/lib/system/libunc.dylib
0x00000000080ec000 	/usr/lib/system/libunwind.dylib
0x00000000080ec000 	/usr/lib/system/libxpc.dylib
0x00000000080ec000 	/usr/lib/libbz2.1.0.dylib
0x00000000080ec000 	/usr/lib/liblzma.5.dylib
0x00000000080ec000 	/usr/lib/libbsm.0.dylib
0x00000000080ec000 	/usr/lib/libsqlite3.dylib
0x00000000080ec000 	/usr/lib/system/libkxld.dylib
0x00000000080ec000 	/usr/lib/libxar.1.dylib
0x00000000080ec000 	/usr/lib/libpam.2.dylib
0x00000000080ec000 	/usr/lib/libOpenScriptingUtil.dylib
0x00000000080ec000 	/System/Library/Frameworks/CoreServices.framework/Versions/A/Frameworks/FSEvents.framework/Versions/A/FSEvents
0x00000000080ec000 	/System/Library/Frameworks/CoreServices.framework/Versions/A/Frameworks/CarbonCore.framework/Versions/A/CarbonCore
0x00000000080ec000 	/System/Library/Frameworks/CoreServices.framework/Versions/A/Frameworks/Metadata.framework/Versions/A/Metadata
0x00000000080ec000 	/System/Library/Frameworks/CoreServices.framework/Versions/A/Frameworks/OSServices.framework/Versions/A/OSServices
0x00000000080ec000 	/System/Library/Frameworks/CoreServices.framework/Versions/A/Frameworks/SearchKit.framework/Versions/A/SearchKit
0x00000000080ec000 	/System/Library/Frameworks/CoreServices.framework/Versions/A/Frameworks/AE.framework/Versions/A/AE
0x00000000080ec000 	/System/Library/Frameworks/CoreServices.framework/Versions/A/Frameworks/LaunchServices.framework/Versions/A/LaunchServices
0x00000000080ec000 	/System/Library/Frameworks/CoreServices.framework/Versions/A/Frameworks/DictionaryServices.framework/Versions/A/DictionaryServices
0x00000000080ec000 	/System/Library/Frameworks/NetFS.framework/Versions/A/NetFS
0x00000000080ec000 	/System/Library/PrivateFrameworks/NetAuth.framework/Versions/A/NetAuth
0x00000000080ec000 	/System/Library/PrivateFrameworks/login.framework/Versions/A/Frameworks/loginsupport.framework/Versions/A/loginsupport
0x00000000080ec000 	/System/Library/PrivateFrameworks/TCC.framework/Versions/A/TCC
0x00000000080ec000 	/usr/lib/libmecabra.dylib
0x00000000080ec000 	/System/Library/Frameworks/ApplicationServices.framework/Versions/A/Frameworks/ATS.framework/Versions/A/ATS
0x00000000080ec000 	/System/Library/Frameworks/ApplicationServices.framework/Versions/A/Frameworks/ColorSync.framework/Versions/A/ColorSync
0x00000000080ec000 	/System/Library/Frameworks/ApplicationServices.framework/Versions/A/Frameworks/HIServices.framework/Versions/A/HIServices
0x00000000080ec000 	/System/Library/Frameworks/ApplicationServices.framework/Versions/A/Frameworks/LangAnalysis.framework/Versions/A/LangAnalysis
0x00000000080ec000 	/System/Library/Frameworks/ApplicationServices.framework/Versions/A/Frameworks/PrintCore.framework/Versions/A/PrintCore
0x00000000080ec000 	/System/Library/Frameworks/ApplicationServices.framework/Versions/A/Frameworks/QD.framework/Versions/A/QD
0x00000000080ec000 	/System/Library/Frameworks/ApplicationServices.framework/Versions/A/Frameworks/SpeechSynthesis.framework/Versions/A/SpeechSynthesis
0x00000000080ec000 	/System/Library/Frameworks/Accelerate.framework/Versions/A/Accelerate
0x00000000080ec000 	/System/Library/Frameworks/Accelerate.framework/Versions/A/Frameworks/vImage.framework/Versions/A/vImage
0x00000000080ec000 	/System/Library/Frameworks/Accelerate.framework/Versions/A/Frameworks/vecLib.framework/Versions/A/vecLib
0x00000000080ec000 	/System/Library/Frameworks/Accelerate.framework/Versions/A/Frameworks/vecLib.framework/Versions/A/libvDSP.dylib
0x00000000080ec000 	/System/Library/Frameworks/Accelerate.framework/Versions/A/Frameworks/vecLib.framework/Versions/A/libvMisc.dylib
0x00000000080ec000 	/System/Library/Frameworks/Accelerate.framework/Versions/A/Frameworks/vecLib.framework/Versions/A/libLAPACK.dylib
0x00000000080ec000 	/System/Library/Frameworks/Accelerate.framework/Versions/A/Frameworks/vecLib.framework/Versions/A/libBLAS.dylib
0x00000000080ec000 	/System/Library/Frameworks/Accelerate.framework/Versions/A/Frameworks/vecLib.framework/Versions/A/libLinearAlgebra.dylib
0x00000000080ec000 	/System/Library/Frameworks/ApplicationServices.framework/Versions/A/Frameworks/ATS.framework/Versions/A/Resources/libFontParser.dylib
0x00000000080ec000 	/System/Library/Frameworks/ApplicationServices.framework/Versions/A/Frameworks/ATS.framework/Versions/A/Resources/libFontRegistry.dylib
0x00000000080ec000 	/System/Library/PrivateFrameworks/AppleVPA.framework/Versions/A/AppleVPA
0x00000000080ec000 	/System/Library/PrivateFrameworks/AppleJPEG.framework/Versions/A/AppleJPEG
0x00000000080ec000 	/System/Library/Frameworks/ImageIO.framework/Versions/A/Resources/libJPEG.dylib
0x00000000080ec000 	/System/Library/Frameworks/ImageIO.framework/Versions/A/Resources/libTIFF.dylib
0x00000000080ec000 	/System/Library/Frameworks/ImageIO.framework/Versions/A/Resources/libPng.dylib
0x00000000080ec000 	/System/Library/Frameworks/ImageIO.framework/Versions/A/Resources/libGIF.dylib
0x00000000080ec000 	/System/Library/Frameworks/ImageIO.framework/Versions/A/Resources/libJP2.dylib
0x00000000080ec000 	/System/Library/Frameworks/ImageIO.framework/Versions/A/Resources/libRadiance.dylib
0x00000000080ec000 	/System/Library/Frameworks/CoreVideo.framework/Versions/A/CoreVideo
0x00000000080ec000 	/System/Library/Frameworks/OpenGL.framework/Versions/A/Libraries/libGLU.dylib
0x00000000080ec000 	/System/Library/Frameworks/OpenGL.framework/Versions/A/Libraries/libGFXShared.dylib
0x00000000080ec000 	/System/Library/Frameworks/OpenGL.framework/Versions/A/Libraries/libGL.dylib
0x00000000080ec000 	/System/Library/Frameworks/OpenGL.framework/Versions/A/Libraries/libGLImage.dylib
0x00000000080ec000 	/System/Library/Frameworks/OpenGL.framework/Versions/A/Libraries/libCVMSPluginSupport.dylib
0x00000000080ec000 	/System/Library/Frameworks/OpenGL.framework/Versions/A/Libraries/libCoreVMClient.dylib
0x00000000080ec000 	/usr/lib/libcups.2.dylib
0x00000000080ec000 	/System/Library/Frameworks/Kerberos.framework/Versions/A/Kerberos
0x00000000080ec000 	/System/Library/Frameworks/GSS.framework/Versions/A/GSS
0x00000000080ec000 	/usr/lib/libresolv.9.dylib
0x00000000080ec000 	/usr/lib/libiconv.2.dylib
0x00000000080ec000 	/System/Library/PrivateFrameworks/Heimdal.framework/Versions/A/Heimdal
0x00000000080ec000 	/usr/lib/libheimdal-asn1.dylib
0x00000000080ec000 	/System/Library/Frameworks/OpenDirectory.framework/Versions/A/OpenDirectory
0x00000000080ec000 	/System/Library/PrivateFrameworks/CommonAuth.framework/Versions/A/CommonAuth
0x00000000080ec000 	/System/Library/Frameworks/OpenDirectory.framework/Versions/A/Frameworks/CFOpenDirectory.framework/Versions/A/CFOpenDirectory
0x00000000080ec000 	/System/Library/Frameworks/SecurityFoundation.framework/Versions/A/SecurityFoundation
0x00000000080ec000 	/System/Library/PrivateFrameworks/LanguageModeling.framework/Versions/A/LanguageModeling
0x00000000080ec000 	/usr/lib/libcmph.dylib
0x00000000080ec000 	/System/Library/Frameworks/ServiceManagement.framework/Versions/A/ServiceManagement
0x00000000080ec000 	/usr/lib/libxslt.1.dylib
0x00000000080ec000 	/System/Library/Frameworks/Carbon.framework/Versions/A/Frameworks/Ink.framework/Versions/A/Ink
0x00000000080ec000 	/System/Library/Frameworks/QuartzCore.framework/Versions/A/Frameworks/CoreImage.framework/Versions/A/CoreImage
0x00000000080ec000 	/System/Library/PrivateFrameworks/CrashReporterSupport.framework/Versions/A/CrashReporterSupport
0x00000000080ec000 	/System/Library/Frameworks/OpenCL.framework/Versions/A/OpenCL
0x00000000080ec000 	/System/Library/PrivateFrameworks/FaceCore.framework/Versions/A/FaceCore
0x00000000080ec000 	/System/Library/PrivateFrameworks/Ubiquity.framework/Versions/A/Ubiquity
0x00000000080ec000 	/System/Library/PrivateFrameworks/IconServices.framework/Versions/A/IconServices
0x00000000080ec000 	/System/Library/PrivateFrameworks/ChunkingLibrary.framework/Versions/A/ChunkingLibrary
0x00000000080ec000 	/System/Library/PrivateFrameworks/Apple80211.framework/Versions/A/Apple80211
0x00000000080ec000 	/System/Library/Frameworks/CoreWLAN.framework/Versions/A/CoreWLAN
0x00000000080ec000 	/System/Library/Frameworks/IOBluetooth.framework/Versions/A/IOBluetooth
0x00000000080ec000 	/System/Library/PrivateFrameworks/CoreWiFi.framework/Versions/A/CoreWiFi
0x00000000080ec000 	/System/Library/Frameworks/CoreBluetooth.framework/Versions/A/CoreBluetooth
0x00000000080ec000 	/System/Library/PrivateFrameworks/DebugSymbols.framework/Versions/A/DebugSymbols
0x00000000080ec000 	/System/Library/PrivateFrameworks/CoreSymbolication.framework/Versions/A/CoreSymbolication
0x00000000080ec000 	/System/Library/PrivateFrameworks/Symbolication.framework/Versions/A/Symbolication
0x00000000080ec000 	/System/Library/PrivateFrameworks/SpeechRecognitionCore.framework/Versions/A/SpeechRecognitionCore
0x0000000109000000 	/Library/Java/JavaVirtualMachines/jdk1.8.0_31.jdk/Contents/Home/jre/lib/server/libjvm.dylib
0x00000000080ec000 	/usr/lib/libstdc++.6.dylib
0x0000000107f8c000 	/Library/Java/JavaVirtualMachines/jdk1.8.0_31.jdk/Contents/Home/jre/lib/libverify.dylib
0x0000000107f9a000 	/Library/Java/JavaVirtualMachines/jdk1.8.0_31.jdk/Contents/Home/jre/lib/libjava.dylib
0x0000000107fd8000 	/Library/Java/JavaVirtualMachines/jdk1.8.0_31.jdk/Contents/Home/jre/lib/libzip.dylib
0x0000000107fe2000 	/System/Library/Frameworks/JavaVM.framework/Frameworks/JavaRuntimeSupport.framework/JavaRuntimeSupport
0x0000000125af3000 	/System/Library/Frameworks/JavaVM.framework/Versions/A/Frameworks/JavaNativeFoundation.framework/Versions/A/JavaNativeFoundation
0x0000000125b08000 	/System/Library/Frameworks/JavaVM.framework/Versions/A/JavaVM
0x00000000080ec000 	/System/Library/Frameworks/Carbon.framework/Versions/A/Carbon
0x0000000125b15000 	/System/Library/PrivateFrameworks/JavaLaunching.framework/Versions/A/JavaLaunching
0x00000000080ec000 	/System/Library/Frameworks/Carbon.framework/Versions/A/Frameworks/CommonPanels.framework/Versions/A/CommonPanels
0x00000000080ec000 	/System/Library/Frameworks/Carbon.framework/Versions/A/Frameworks/Help.framework/Versions/A/Help
0x00000000080ec000 	/System/Library/Frameworks/Carbon.framework/Versions/A/Frameworks/ImageCapture.framework/Versions/A/ImageCapture
0x00000000080ec000 	/System/Library/Frameworks/Carbon.framework/Versions/A/Frameworks/OpenScripting.framework/Versions/A/OpenScripting
0x00000000080ec000 	/System/Library/Frameworks/Carbon.framework/Versions/A/Frameworks/Print.framework/Versions/A/Print
0x00000000080ec000 	/System/Library/Frameworks/Carbon.framework/Versions/A/Frameworks/SecurityHI.framework/Versions/A/SecurityHI
0x0000000127cbb000 	/Applications/IntelliJ IDEA 14 CE.app/Contents/bin/libbreakgen64.jnilib
0x0000000127dc1000 	/Library/Java/JavaVirtualMachines/jdk1.8.0_31.jdk/Contents/Home/jre/lib/libnet.dylib
0x0000000128a0e000 	/Library/Java/JavaVirtualMachines/jdk1.8.0_31.jdk/Contents/Home/jre/lib/libawt.dylib
0x0000000128abd000 	/Library/Java/JavaVirtualMachines/jdk1.8.0_31.jdk/Contents/Home/jre/lib/./libmlib_image.dylib
0x0000000128b89000 	/Library/Java/JavaVirtualMachines/jdk1.8.0_31.jdk/Contents/Home/jre/lib/libawt_lwawt.dylib
0x0000000128c3c000 	/Library/Java/JavaVirtualMachines/jdk1.8.0_31.jdk/Contents/Home/jre/lib/./libosxapp.dylib
0x00000000080ec000 	/System/Library/Frameworks/ExceptionHandling.framework/Versions/A/ExceptionHandling
0x00000000080ec000 	/System/Library/PrivateFrameworks/CoreServicesInternal.framework/Versions/A/CoreServicesInternal
0x00000000080ec000 	/System/Library/PrivateFrameworks/CloudDocs.framework/Versions/A/CloudDocs
0x00000000080ec000 	/System/Library/PrivateFrameworks/CoreDuet.framework/Versions/A/CoreDuet
0x00000000080ec000 	/System/Library/Frameworks/CloudKit.framework/Versions/A/CloudKit
0x00000000080ec000 	/System/Library/PrivateFrameworks/ProtocolBuffer.framework/Versions/A/ProtocolBuffer
0x00000000080ec000 	/System/Library/PrivateFrameworks/CoreDuetDaemonProtocol.framework/Versions/A/CoreDuetDaemonProtocol
0x00000000080ec000 	/System/Library/PrivateFrameworks/CoreDuetDebugLogging.framework/Versions/A/CoreDuetDebugLogging
0x00000000080ec000 	/System/Library/Frameworks/CoreLocation.framework/Versions/A/CoreLocation
0x00000000080ec000 	/System/Library/Frameworks/Accounts.framework/Versions/A/Accounts
0x00000000080ec000 	/System/Library/PrivateFrameworks/ApplePushService.framework/Versions/A/ApplePushService
0x00000000080ec000 	/System/Library/PrivateFrameworks/GeoServices.framework/Versions/A/GeoServices
0x00000000080ec000 	/System/Library/PrivateFrameworks/OAuth.framework/Versions/A/OAuth
0x00000000080ec000 	/System/Library/PrivateFrameworks/CoreDaemon.framework/Versions/B/CoreDaemon
0x00000000080ec000 	/usr/lib/libcrypto.0.9.8.dylib
0x00000000080ec000 	/System/Library/PrivateFrameworks/AppleSRP.framework/Versions/A/AppleSRP
0x00000000080ec000 	/System/Library/PrivateFrameworks/TrustEvaluationAgent.framework/Versions/A/TrustEvaluationAgent
0x000000012a3ab000 	/System/Library/Frameworks/CoreGraphics.framework/Versions/A/Resources/libCGCMS.A.dylib
0x000000012b3c9000 	/System/Library/Frameworks/CoreGraphics.framework/Versions/A/Resources/libRIP.A.dylib
0x0000000128267000 	/System/Library/Frameworks/CoreGraphics.framework/Versions/A/Resources/libCGXType.A.dylib
0x00000000080ec000 	/System/Library/Frameworks/OpenCL.framework/Versions/A/Libraries/libcldcpuengine.dylib
0x00000000080ec000 	/System/Library/PrivateFrameworks/DiskImages.framework/Versions/A/DiskImages
0x00000000080ec000 	/System/Library/Frameworks/DiscRecording.framework/Versions/A/DiscRecording
0x00000000080ec000 	/usr/lib/libcsfde.dylib
0x00000000080ec000 	/usr/lib/libcurl.4.dylib
0x00000000080ec000 	/System/Library/PrivateFrameworks/MediaKit.framework/Versions/A/MediaKit
0x00000000080ec000 	/System/Library/PrivateFrameworks/ProtectedCloudStorage.framework/Versions/A/ProtectedCloudStorage
0x00000000080ec000 	/usr/lib/libCoreStorage.dylib
0x00000000080ec000 	/System/Library/PrivateFrameworks/EFILogin.framework/Versions/A/EFILogin
0x00000000080ec000 	/usr/lib/libutil.dylib
0x00000000080ec000 	/System/Library/PrivateFrameworks/FindMyDevice.framework/Versions/A/FindMyDevice
0x00000000080ec000 	/System/Library/Frameworks/LDAP.framework/Versions/A/LDAP
0x00000000080ec000 	/usr/lib/libsasl2.2.dylib
0x0000000127fe8000 	cl_kernels
0x0000000128d24000 	/System/Library/Frameworks/OpenCL.framework/Versions/A/Libraries/ImageFormats/unorm8_bgra.dylib
0x0000000127fda000 	cl_kernels
0x00000000080ec000 	/System/Library/PrivateFrameworks/FamilyControls.framework/Versions/A/FamilyControls
0x00000000080ec000 	/System/Library/PrivateFrameworks/CommerceKit.framework/Versions/A/Frameworks/CommerceCore.framework/Versions/A/CommerceCore
0x00000000080ec000 	/System/Library/PrivateFrameworks/SystemAdministration.framework/Versions/A/SystemAdministration
0x00000000080ec000 	/System/Library/PrivateFrameworks/AppContainer.framework/Versions/A/AppContainer
0x00000000080ec000 	/System/Library/PrivateFrameworks/SecCodeWrapper.framework/Versions/A/SecCodeWrapper
0x00000000080ec000 	/System/Library/Frameworks/DirectoryService.framework/Versions/A/DirectoryService
0x00000000080ec000 	/System/Library/PrivateFrameworks/LoginUIKit.framework/Versions/A/Frameworks/LoginUICore.framework/Versions/A/LoginUICore
0x00000000080ec000 	/usr/lib/libodfde.dylib
0x0000000128402000 	/Library/Java/JavaVirtualMachines/jdk1.8.0_31.jdk/Contents/Home/jre/lib/libfontmanager.dylib
0x0000000128ec8000 	/Users/jbetz/projects/opengl-skeleton/build/natives/osx/liblwjgl.dylib
0x0000000127fe3000 	/Library/Java/JavaVirtualMachines/jdk1.8.0_31.jdk/Contents/Home/jre/lib/libjawt.dylib
0x000000012cf70000 	/System/Library/Frameworks/OpenGL.framework/Resources/GLEngine.bundle/GLEngine
0x00000000080ec000 	/System/Library/Frameworks/OpenGL.framework/Versions/A/Libraries/libGLProgrammability.dylib
0x0000000000000000 	/System/Library/Extensions/AppleIntelHD5000GraphicsGLDriver.bundle/Contents/MacOS/AppleIntelHD5000GraphicsGLDriver
0x00000000080ec000 	/System/Library/PrivateFrameworks/IOAccelerator.framework/Versions/A/IOAccelerator
0x00000000080ec000 	/System/Library/PrivateFrameworks/GPUSupport.framework/Versions/A/Libraries/libGPUSupportMercury.dylib
0x00000001288a9000 	/System/Library/Frameworks/OpenGL.framework/Resources//GLRendererFloat.bundle/GLRendererFloat

VM Arguments:
jvm_args: -Djava.library.path=build/natives/osx -Didea.launcher.port=7532 -Didea.launcher.bin.path=/Applications/IntelliJ IDEA 14 CE.app/Contents/bin -Dfile.encoding=UTF-8 
java_command: com.intellij.rt.execution.application.AppMain hello.HelloWorld
java_class_path (initial): /Library/Java/JavaVirtualMachines/jdk1.8.0_31.jdk/Contents/Home/lib/ant-javafx.jar:/Library/Java/JavaVirtualMachines/jdk1.8.0_31.jdk/Contents/Home/lib/dt.jar:/Library/Java/JavaVirtualMachines/jdk1.8.0_31.jdk/Contents/Home/lib/javafx-mx.jar:/Library/Java/JavaVirtualMachines/jdk1.8.0_31.jdk/Contents/Home/lib/jconsole.jar:/Library/Java/JavaVirtualMachines/jdk1.8.0_31.jdk/Contents/Home/lib/sa-jdi.jar:/Library/Java/JavaVirtualMachines/jdk1.8.0_31.jdk/Contents/Home/lib/tools.jar:/Library/Java/JavaVirtualMachines/jdk1.8.0_31.jdk/Contents/Home/jre/lib/charsets.jar:/Library/Java/JavaVirtualMachines/jdk1.8.0_31.jdk/Contents/Home/jre/lib/deploy.jar:/Library/Java/JavaVirtualMachines/jdk1.8.0_31.jdk/Contents/Home/jre/lib/javaws.jar:/Library/Java/JavaVirtualMachines/jdk1.8.0_31.jdk/Contents/Home/jre/lib/jce.jar:/Library/Java/JavaVirtualMachines/jdk1.8.0_31.jdk/Contents/Home/jre/lib/jfr.jar:/Library/Java/JavaVirtualMachines/jdk1.8.0_31.jdk/Contents/Home/jre/lib/jfxswt.jar:/Library/Java/JavaVirtualMachines/jdk1.8.0_31.jdk/Contents/Home/jre/lib/jsse.jar:/Library/Java/JavaVirtualMachines/jdk1.8.0_31.jdk/Contents/Home/jre/lib/management-agent.jar:/Library/Java/JavaVirtualMachines/jdk1.8.0_31.jdk/Contents/Home/jre/lib/plugin.jar:/Library/Java/JavaVirtualMachines/jdk1.8.0_31.jdk/Contents/Home/jre/lib/resources.jar:/Library/Java/JavaVirtualMachines/jdk1.8.0_31.jdk/Contents/Home/jre/lib/rt.jar:/Library/Java/JavaVirtualMachines/jdk1.8.0_31.jdk/Contents/Home/jre/lib/ext/cldrdata.jar:/Library/Java/JavaVirtualMachines/jdk1.8.0_31.jdk/Contents/Home/jre/lib/ext/dnsns.jar:/Library/Java/JavaVirtualMachines/jdk1.8.0_31.jdk/Contents/Home/jre/lib/ext/jfxrt.jar:/Library/Java/JavaVirtualMachines/jdk1.8.0_31.jdk/Contents/Home/jre/lib/ext/localedata.jar:/Library/Java/JavaVirtualMachines/jdk1.8.0_31.jdk/Contents/Home/jre/lib/ext/nashorn.jar:/Library/Java/JavaVirtualMachines/jdk1.8.0_31.jdk/Contents/Home/jre/lib/ext/sunec.jar:/Library/Java/JavaVirtualMachines/jdk1.8.0_31.jdk/C
Launcher Type: SUN_STANDARD

Environment Variables:
JAVA_HOME=/Library/Java/JavaVirtualMachines/jdk1.7.0_75.jdk/Contents/Home
PATH=/Users/jbetz/base/phacility/arcanist/bin:/Users/jbetz/bin:/usr/local/bin:/Users/jbetz/base/phacility/arcanist/bin:/Users/jbetz/bin:/usr/local/bin:/usr/local/sbin:/usr/bin:/bin:/usr/sbin:/sbin:/usr/local/munki
SHELL=/bin/zsh

Signal Handlers:
SIGSEGV: [libjvm.dylib+0x57a0e7], sa_mask[0]=11111111011111110111111111111111, sa_flags=SA_ONSTACK|SA_RESTART|SA_SIGINFO
SIGBUS: [libjvm.dylib+0x57a0e7], sa_mask[0]=11111111011111110111111111111111, sa_flags=SA_RESTART|SA_SIGINFO
SIGFPE: [libjvm.dylib+0x45af24], sa_mask[0]=11111111011111110111111111111111, sa_flags=SA_RESTART|SA_SIGINFO
SIGPIPE: [libjvm.dylib+0x45af24], sa_mask[0]=11111111011111110111111111111111, sa_flags=SA_RESTART|SA_SIGINFO
SIGXFSZ: [libjvm.dylib+0x45af24], sa_mask[0]=11111111011111110111111111111111, sa_flags=SA_RESTART|SA_SIGINFO
SIGILL: [libjvm.dylib+0x45af24], sa_mask[0]=11111111011111110111111111111111, sa_flags=SA_RESTART|SA_SIGINFO
SIGUSR1: SIG_DFL, sa_mask[0]=00000000000000000000000000000000, sa_flags=none
SIGUSR2: [libjvm.dylib+0x45aa42], sa_mask[0]=00100000000000000000000000000000, sa_flags=SA_RESTART|SA_SIGINFO
SIGHUP: [libjvm.dylib+0x459015], sa_mask[0]=11111111011111110111111111111111, sa_flags=SA_RESTART|SA_SIGINFO
SIGINT: [libjvm.dylib+0x459015], sa_mask[0]=11111111011111110111111111111111, sa_flags=SA_RESTART|SA_SIGINFO
SIGTERM: [libjvm.dylib+0x459015], sa_mask[0]=11111111011111110111111111111111, sa_flags=SA_RESTART|SA_SIGINFO
SIGQUIT: [libjvm.dylib+0x459015], sa_mask[0]=11111111011111110111111111111111, sa_flags=SA_RESTART|SA_SIGINFO


---------------  S Y S T E M  ---------------

OS:Bsduname:Darwin 14.1.0 Darwin Kernel Version 14.1.0: Mon Dec 22 23:10:38 PST 2014; root:xnu-2782.10.72~2/RELEASE_X86_64 x86_64
rlimit: STACK 8192k, CORE 0k, NPROC 709, NOFILE 10240, AS infinity
load average:3.51 3.05 2.57

CPU:total 8 (4 cores per cpu, 2 threads per core) family 6 model 70 stepping 1, cmov, cx8, fxsr, mmx, sse, sse2, sse3, ssse3, sse4.1, sse4.2, popcnt, avx, avx2, aes, clmul, erms, lzcnt, ht, tsc, tscinvbit, bmi1, bmi2

Memory: 4k page, physical 16777216k(1187084k free)

/proc/meminfo:


vm_info: Java HotSpot(TM) 64-Bit Server VM (25.31-b07) for bsd-amd64 JRE (1.8.0_31-b13), built on Dec 17 2014 20:45:36 by "java_re" with gcc 4.2.1 (Based on Apple Inc. build 5658) (LLVM build 2336.11.00)

time: Thu Feb 19 16:53:09 2015
elapsed time: 1 seconds (0d 0h 0m 1s)

