#
# A fatal error has been detected by the Java Runtime Environment:
#
#  SIGSEGV (0xb) at pc=0x000000012c59cf9f, pid=17541, tid=4867
#
# JRE version: Java(TM) SE Runtime Environment (8.0_31-b13) (build 1.8.0_31-b13)
# Java VM: Java HotSpot(TM) 64-Bit Server VM (25.31-b07 mixed mode bsd-amd64 compressed oops)
# Problematic frame:
# C  [GLEngine+0x15bf9f]  gleRunVertexSubmitImmediate+0x27ef
#
# Failed to write core dump. Core dumps have been disabled. To enable core dumping, try "ulimit -c unlimited" before starting Java again
#
# If you would like to submit a bug report, please visit:
#   http://bugreport.java.com/bugreport/crash.jsp
# The crash happened outside the Java Virtual Machine in native code.
# See problematic frame for where to report the bug.
#

---------------  T H R E A D  ---------------

Current thread (0x00007f815f800000):  JavaThread "main" [_thread_in_native, id=4867, stack(0x0000000109b20000,0x0000000109c20000)]

siginfo: si_signo: 11 (SIGSEGV), si_code: 1 (SEGV_MAPERR), si_addr: 0x0000000000000008

Registers:
RAX=0x000000012c59cc5f, RBX=0x0000000000000006, RCX=0x0000000000000000, RDX=0x000000012c59d468
RSP=0x0000000109c1e560, RBP=0x0000000109c1e7b0, RSI=0x0000000000000006, RDI=0x0000000000000027
R8 =0x0000000000845800, R9 =0x00007f8161000000, R10=0x00007f815be43410, R11=0x00007f8161000000
R12=0x0000000000000003, R13=0x0000000000841804, R14=0x00007f8161000000, R15=0x0000000000000001
RIP=0x000000012c59cf9f, EFLAGS=0x0000000000010297, ERR=0x0000000000000004
  TRAPNO=0x000000000000000e

Top of Stack: (sp=0x0000000109c1e560)
0x0000000109c1e560:   0000000000000000 0000000000000000
0x0000000109c1e570:   0000000000000000 0000000000000000
0x0000000109c1e580:   0000000000000000 0000000000000000
0x0000000109c1e590:   0000000000000000 0000000000000000
0x0000000109c1e5a0:   0000000000000000 0000000000000000
0x0000000109c1e5b0:   0000000000000000 0000000000000000
0x0000000109c1e5c0:   0000000000000000 0000000000000000
0x0000000109c1e5d0:   0000000000000000 0000000000000000
0x0000000109c1e5e0:   0000000000000000 0000000000000000
0x0000000109c1e5f0:   0000000000000000 0000000000000000
0x0000000109c1e600:   0000000000000000 0000000000000000
0x0000000109c1e610:   0000000000000000 0000000000000000
0x0000000109c1e620:   0000000000000000 0000000000000000
0x0000000109c1e630:   00007f8161000140 00007f8161000170
0x0000000109c1e640:   00007f8161000150 00007f8161000180
0x0000000109c1e650:   00007f8161000160 00007f81610001a0
0x0000000109c1e660:   0000000000000000 0000000000000000
0x0000000109c1e670:   fffffffe00000002 00007f815e11ab10
0x0000000109c1e680:   000000000000108b 0000000000000001
0x0000000109c1e690:   ffffffff10008010 0000000000000001
0x0000000109c1e6a0:   00007f8161000190 0000000010008010
0x0000000109c1e6b0:   7a00000300000000 0000000000000000
0x0000000109c1e6c0:   00000c3300000000 00007fff88e02dd4
0x0000000109c1e6d0:   0000000002116000 0000000000000000
0x0000000109c1e6e0:   0000000109c1e75c 0000000109c1e760
0x0000000109c1e6f0:   0000000109c1e764 00007f815be43378
0x0000000109c1e700:   0000000000000000 0000000000000000
0x0000000109c1e710:   0000000000000000 00007f815be43378
0x0000000109c1e720:   00007f8161000000 0000000000000000
0x0000000109c1e730:   0000000000000000 00007f8161000000
0x0000000109c1e740:   0000000000000000 000000012d4bd0c0
0x0000000109c1e750:   000000012d4beec0 000000012a36d000 

Instructions: (pc=0x000000012c59cf9f)
0x000000012c59cf7f:   c6 66 0f 6d c0 66 49 0f 7e c7 bb 05 00 00 00 e9
0x000000012c59cf8f:   bd 02 00 00 4c 8b 31 4c 8b 79 08 e9 2c f9 ff ff
0x000000012c59cf9f:   f3 0f 10 49 08 f2 0f 10 01 66 0f 14 c1 66 49 0f
0x000000012c59cfaf:   7e c6 66 0f 6d c0 66 49 0f 7e c7 e9 0c f9 ff ff 

Register to memory mapping:

RAX=0x000000012c59cc5f: gleRunVertexSubmitImmediate+0x24af in /System/Library/Frameworks/OpenGL.framework/Resources/GLEngine.bundle/GLEngine at 0x000000012c441000
RBX=0x0000000000000006 is an unknown value
RCX=0x0000000000000000 is an unknown value
RDX=0x000000012c59d468: gleRunVertexSubmitImmediate+0x2cb8 in /System/Library/Frameworks/OpenGL.framework/Resources/GLEngine.bundle/GLEngine at 0x000000012c441000
RSP=0x0000000109c1e560 is pointing into the stack for thread: 0x00007f815f800000
RBP=0x0000000109c1e7b0 is pointing into the stack for thread: 0x00007f815f800000
RSI=0x0000000000000006 is an unknown value
RDI=0x0000000000000027 is an unknown value
R8 =0x0000000000845800 is an unknown value
R9 =0x00007f8161000000 is an unknown value
R10=0x00007f815be43410 is an unknown value
R11=0x00007f8161000000 is an unknown value
R12=0x0000000000000003 is an unknown value
R13=0x0000000000841804 is an unknown value
R14=0x00007f8161000000 is an unknown value
R15=0x0000000000000001 is an unknown value


Stack: [0x0000000109b20000,0x0000000109c20000],  sp=0x0000000109c1e560,  free space=1017k
Native frames: (J=compiled Java code, j=interpreted, Vv=VM code, C=native code)
C  [GLEngine+0x15bf9f]  gleRunVertexSubmitImmediate+0x27ef
C  [GLEngine+0xbbdea]  glDrawElements_GL3Exec+0x2bf
j  org.lwjgl.opengl.GL11.nglDrawElementsBO(IIIJJ)V+0
j  org.lwjgl.opengl.GL11.glDrawElements(IIIJ)V+28
j  hello.HelloWorld$$anonfun$display$1.apply$mcV$sp()V+13
j  hello.HelloWorld$$anonfun$display$1.apply()V+1
j  hello.HelloWorld$$anonfun$display$1.apply()Ljava/lang/Object;+1
j  state.State$class.run(Lstate/State;Lscala/Function0;)Ljava/lang/Object;+7
j  state.State$$anon$1.run(Lscala/Function0;)Ljava/lang/Object;+2
j  hello.HelloWorld.display(F)V+272
j  hello.SingleWindowScene.run()V+35
j  hello.HelloWorld$delayedInit$body.apply()Ljava/lang/Object;+7
j  scala.Function0$class.apply$mcV$sp(Lscala/Function0;)V+1
j  scala.runtime.AbstractFunction0.apply$mcV$sp()V+1
j  scala.App$$anonfun$main$1.apply(Lscala/Function0;)V+1
j  scala.App$$anonfun$main$1.apply(Ljava/lang/Object;)Ljava/lang/Object;+5
j  scala.collection.immutable.List.foreach(Lscala/Function1;)V+15
j  scala.collection.generic.TraversableForwarder$class.foreach(Lscala/collection/generic/TraversableForwarder;Lscala/Function1;)V+7
j  scala.App$class.main(Lscala/App;[Ljava/lang/String;)V+21
j  hello.HelloWorld$.main([Ljava/lang/String;)V+2
j  hello.HelloWorld.main([Ljava/lang/String;)V+4
v  ~StubRoutines::call_stub
V  [libjvm.dylib+0x2d4442]  JavaCalls::call_helper(JavaValue*, methodHandle*, JavaCallArguments*, Thread*)+0x6ae
V  [libjvm.dylib+0x4a32d6]  Reflection::invoke(instanceKlassHandle, methodHandle, Handle, bool, objArrayHandle, BasicType, objArrayHandle, bool, Thread*)+0xdf8
V  [libjvm.dylib+0x4a37f0]  Reflection::invoke_method(oopDesc*, Handle, objArrayHandle, Thread*)+0x16c
V  [libjvm.dylib+0x322ac8]  JVM_InvokeMethod+0x166
j  sun.reflect.NativeMethodAccessorImpl.invoke0(Ljava/lang/reflect/Method;Ljava/lang/Object;[Ljava/lang/Object;)Ljava/lang/Object;+0
j  sun.reflect.NativeMethodAccessorImpl.invoke(Ljava/lang/Object;[Ljava/lang/Object;)Ljava/lang/Object;+100
j  sun.reflect.DelegatingMethodAccessorImpl.invoke(Ljava/lang/Object;[Ljava/lang/Object;)Ljava/lang/Object;+6
j  java.lang.reflect.Method.invoke(Ljava/lang/Object;[Ljava/lang/Object;)Ljava/lang/Object;+56
j  com.intellij.rt.execution.application.AppMain.main([Ljava/lang/String;)V+163
v  ~StubRoutines::call_stub
V  [libjvm.dylib+0x2d4442]  JavaCalls::call_helper(JavaValue*, methodHandle*, JavaCallArguments*, Thread*)+0x6ae
V  [libjvm.dylib+0x3094bb]  jni_invoke_static(JNIEnv_*, JavaValue*, _jobject*, JNICallType, _jmethodID*, JNI_ArgumentPusher*, Thread*)+0x1bf
V  [libjvm.dylib+0x3026b5]  jni_CallStaticVoidMethod+0x15d
C  [java+0x2c82]  JavaMain+0x998
C  [libsystem_pthread.dylib+0x3268]  _pthread_body+0x83
C  [libsystem_pthread.dylib+0x31e5]  _pthread_body+0x0
C  [libsystem_pthread.dylib+0x141d]  thread_start+0xd
C  0x0000000000000000

Java frames: (J=compiled Java code, j=interpreted, Vv=VM code)
j  org.lwjgl.opengl.GL11.nglDrawElementsBO(IIIJJ)V+0
j  org.lwjgl.opengl.GL11.glDrawElements(IIIJ)V+28
j  hello.HelloWorld$$anonfun$display$1.apply$mcV$sp()V+13
j  hello.HelloWorld$$anonfun$display$1.apply()V+1
j  hello.HelloWorld$$anonfun$display$1.apply()Ljava/lang/Object;+1
j  state.State$class.run(Lstate/State;Lscala/Function0;)Ljava/lang/Object;+7
j  state.State$$anon$1.run(Lscala/Function0;)Ljava/lang/Object;+2
j  hello.HelloWorld.display(F)V+272
j  hello.SingleWindowScene.run()V+35
j  hello.HelloWorld$delayedInit$body.apply()Ljava/lang/Object;+7
j  scala.Function0$class.apply$mcV$sp(Lscala/Function0;)V+1
j  scala.runtime.AbstractFunction0.apply$mcV$sp()V+1
j  scala.App$$anonfun$main$1.apply(Lscala/Function0;)V+1
j  scala.App$$anonfun$main$1.apply(Ljava/lang/Object;)Ljava/lang/Object;+5
j  scala.collection.immutable.List.foreach(Lscala/Function1;)V+15
j  scala.collection.generic.TraversableForwarder$class.foreach(Lscala/collection/generic/TraversableForwarder;Lscala/Function1;)V+7
j  scala.App$class.main(Lscala/App;[Ljava/lang/String;)V+21
j  hello.HelloWorld$.main([Ljava/lang/String;)V+2
j  hello.HelloWorld.main([Ljava/lang/String;)V+4
v  ~StubRoutines::call_stub
j  sun.reflect.NativeMethodAccessorImpl.invoke0(Ljava/lang/reflect/Method;Ljava/lang/Object;[Ljava/lang/Object;)Ljava/lang/Object;+0
j  sun.reflect.NativeMethodAccessorImpl.invoke(Ljava/lang/Object;[Ljava/lang/Object;)Ljava/lang/Object;+100
j  sun.reflect.DelegatingMethodAccessorImpl.invoke(Ljava/lang/Object;[Ljava/lang/Object;)Ljava/lang/Object;+6
j  java.lang.reflect.Method.invoke(Ljava/lang/Object;[Ljava/lang/Object;)Ljava/lang/Object;+56
j  com.intellij.rt.execution.application.AppMain.main([Ljava/lang/String;)V+163
v  ~StubRoutines::call_stub

---------------  P R O C E S S  ---------------

Java Threads: ( => current thread )
  0x00007f815c1a7800 JavaThread "AWT-Shutdown" [_thread_blocked, id=32007, stack(0x0000000129336000,0x0000000129436000)]
  0x00007f815c86b000 JavaThread "AppKit Thread" daemon [_thread_in_native, id=1299, stack(0x00007fff57951000,0x00007fff58151000)]
  0x00007f815c08b800 JavaThread "Monitor Ctrl-Break" daemon [_thread_in_native, id=21763, stack(0x00000001279fa000,0x0000000127afa000)]
  0x00007f815f81c800 JavaThread "Service Thread" daemon [_thread_blocked, id=20739, stack(0x0000000127567000,0x0000000127667000)]
  0x00007f815d006800 JavaThread "C1 CompilerThread3" daemon [_thread_blocked, id=20227, stack(0x0000000127464000,0x0000000127564000)]
  0x00007f815c041800 JavaThread "C2 CompilerThread2" daemon [_thread_blocked, id=19715, stack(0x0000000127361000,0x0000000127461000)]
  0x00007f815c01f800 JavaThread "C2 CompilerThread1" daemon [_thread_blocked, id=19203, stack(0x000000012725e000,0x000000012735e000)]
  0x00007f8160004000 JavaThread "C2 CompilerThread0" daemon [_thread_blocked, id=18691, stack(0x000000012715b000,0x000000012725b000)]
  0x00007f815f00b800 JavaThread "Signal Dispatcher" daemon [_thread_blocked, id=18203, stack(0x0000000127058000,0x0000000127158000)]
  0x00007f815e011000 JavaThread "Finalizer" daemon [_thread_blocked, id=13571, stack(0x0000000125728000,0x0000000125828000)]
  0x00007f8160000000 JavaThread "Reference Handler" daemon [_thread_blocked, id=13059, stack(0x0000000125625000,0x0000000125725000)]
=>0x00007f815f800000 JavaThread "main" [_thread_in_native, id=4867, stack(0x0000000109b20000,0x0000000109c20000)]

Other Threads:
  0x00007f815f005000 VMThread [stack: 0x0000000125522000,0x0000000125622000] [id=12547]
  0x00007f815c03d800 WatcherThread [stack: 0x000000012766a000,0x000000012776a000] [id=21251]

VM state:not at safepoint (normal execution)

VM Mutex/Monitor currently owned by a thread: None

Heap:
 PSYoungGen      total 76288K, used 43406K [0x000000076ab00000, 0x0000000770000000, 0x00000007c0000000)
  eden space 65536K, 66% used [0x000000076ab00000,0x000000076d563998,0x000000076eb00000)
  from space 10752K, 0% used [0x000000076f580000,0x000000076f580000,0x0000000770000000)
  to   space 10752K, 0% used [0x000000076eb00000,0x000000076eb00000,0x000000076f580000)
 ParOldGen       total 175104K, used 0K [0x00000006c0000000, 0x00000006cab00000, 0x000000076ab00000)
  object space 175104K, 0% used [0x00000006c0000000,0x00000006c0000000,0x00000006cab00000)
 Metaspace       used 10526K, capacity 10637K, committed 10752K, reserved 1058816K
  class space    used 1417K, capacity 1461K, committed 1536K, reserved 1048576K

Card table byte_map: [0x0000000119016000,0x0000000119817000] byte_map_base: 0x0000000115a16000

Marking Bits: (ParMarkBitMap*) 0x000000010949e410
 Begin Bits: [0x000000011a585000, 0x000000011e585000)
 End Bits:   [0x000000011e585000, 0x0000000122585000)

Polling page: 0x0000000107bd2000

CodeCache: size=245760Kb used=3334Kb max_used=3334Kb free=242425Kb
 bounds [0x0000000109c56000, 0x0000000109fa6000, 0x0000000118c56000]
 total_blobs=1357 nmethods=940 adapters=332
 compilation: enabled

Compilation events (10 events):
Event: 3.959 Thread 0x00007f815d006800  935       3       scala.runtime.BoxesRunTime::boxToByte (5 bytes)
Event: 3.959 Thread 0x00007f815d006800 nmethod 935 0x0000000109f94a90 code [0x0000000109f94c00, 0x0000000109f94dd0]
Event: 3.959 Thread 0x00007f815d006800  936       3       java.lang.Integer::getChars (131 bytes)
Event: 3.960 Thread 0x00007f815d006800 nmethod 936 0x0000000109f96d90 code [0x0000000109f96f40, 0x0000000109f973d0]
Event: 3.960 Thread 0x00007f815d006800  937       1       scala.collection.mutable.ArrayOps$ofByte::repr (5 bytes)
Event: 3.961 Thread 0x00007f815d006800 nmethod 937 0x0000000109f947d0 code [0x0000000109f94920, 0x0000000109f94a30]
Event: 3.962 Thread 0x00007f815d006800  938       3       java.lang.ClassLoader::checkPackageAccess (122 bytes)
Event: 3.964 Thread 0x00007f815d006800 nmethod 938 0x0000000109f97810 code [0x0000000109f97a40, 0x0000000109f98608]
Event: 3.964 Thread 0x00007f815d006800  939   !   3       java.util.Collections$SynchronizedCollection::add (25 bytes)
Event: 3.965 Thread 0x00007f815d006800 nmethod 939 0x0000000109f940d0 code [0x0000000109f94240, 0x0000000109f94608]

GC Heap History (0 events):
No events

Deoptimization events (2 events):
Event: 3.092 Thread 0x00007f815c86b000 Uncommon trap: reason=unreached action=reinterpret pc=0x0000000109e2179c method=java.util.HashMap.getNode(ILjava/lang/Object;)Ljava/util/HashMap$Node; @ 116
Event: 3.100 Thread 0x00007f815c86b000 Uncommon trap: reason=unreached action=reinterpret pc=0x0000000109e1dd68 method=java.util.HashMap.getNode(ILjava/lang/Object;)Ljava/util/HashMap$Node; @ 116

Internal exceptions (10 events):
Event: 3.931 Thread 0x00007f815f800000 Exception <a 'java/security/PrivilegedActionException'> (0x000000076d3b3fb8) thrown at [/Users/java_re/workspace/8-2-build-macosx-x86_64/jdk8u31/2394/hotspot/src/share/vm/prims/jvm.cpp, line 1312]
Event: 3.934 Thread 0x00007f815f800000 Exception <a 'java/security/PrivilegedActionException'> (0x000000076d3bd488) thrown at [/Users/java_re/workspace/8-2-build-macosx-x86_64/jdk8u31/2394/hotspot/src/share/vm/prims/jvm.cpp, line 1312]
Event: 3.935 Thread 0x00007f815f800000 Exception <a 'java/security/PrivilegedActionException'> (0x000000076d3c3ab0) thrown at [/Users/java_re/workspace/8-2-build-macosx-x86_64/jdk8u31/2394/hotspot/src/share/vm/prims/jvm.cpp, line 1312]
Event: 3.937 Thread 0x00007f815f800000 Exception <a 'java/security/PrivilegedActionException'> (0x000000076d3cc8e8) thrown at [/Users/java_re/workspace/8-2-build-macosx-x86_64/jdk8u31/2394/hotspot/src/share/vm/prims/jvm.cpp, line 1312]
Event: 3.939 Thread 0x00007f815f800000 Exception <a 'java/security/PrivilegedActionException'> (0x000000076d3d4728) thrown at [/Users/java_re/workspace/8-2-build-macosx-x86_64/jdk8u31/2394/hotspot/src/share/vm/prims/jvm.cpp, line 1312]
Event: 3.945 Thread 0x00007f815f800000 Exception <a 'java/security/PrivilegedActionException'> (0x000000076d3e2a58) thrown at [/Users/java_re/workspace/8-2-build-macosx-x86_64/jdk8u31/2394/hotspot/src/share/vm/prims/jvm.cpp, line 1312]
Event: 3.949 Thread 0x00007f815f800000 Exception <a 'java/security/PrivilegedActionException'> (0x000000076d3ecfa0) thrown at [/Users/java_re/workspace/8-2-build-macosx-x86_64/jdk8u31/2394/hotspot/src/share/vm/prims/jvm.cpp, line 1312]
Event: 3.957 Thread 0x00007f815f800000 Exception <a 'java/security/PrivilegedActionException'> (0x000000076d404cf0) thrown at [/Users/java_re/workspace/8-2-build-macosx-x86_64/jdk8u31/2394/hotspot/src/share/vm/prims/jvm.cpp, line 1312]
Event: 3.960 Thread 0x00007f815f800000 Exception <a 'java/security/PrivilegedActionException'> (0x000000076d423f98) thrown at [/Users/java_re/workspace/8-2-build-macosx-x86_64/jdk8u31/2394/hotspot/src/share/vm/prims/jvm.cpp, line 1312]
Event: 3.962 Thread 0x00007f815f800000 Exception <a 'java/security/PrivilegedActionException'> (0x000000076d4280f0) thrown at [/Users/java_re/workspace/8-2-build-macosx-x86_64/jdk8u31/2394/hotspot/src/share/vm/prims/jvm.cpp, line 1312]

Events (10 events):
Event: 3.945 loading class org/lwjgl/opengl/GLChecks
Event: 3.945 loading class org/lwjgl/opengl/GLChecks done
Event: 3.949 loading class scala/collection/mutable/ArrayOps$ofByte
Event: 3.949 loading class scala/collection/mutable/ArrayOps$ofByte done
Event: 3.957 loading class scala/collection/mutable/ArrayOps$ofByte$
Event: 3.957 loading class scala/collection/mutable/ArrayOps$ofByte$ done
Event: 3.960 loading class state/State$$anon$1
Event: 3.960 loading class state/State$$anon$1 done
Event: 3.962 loading class hello/HelloWorld$$anonfun$display$1
Event: 3.962 loading class hello/HelloWorld$$anonfun$display$1 done


Dynamic libraries:
0x00000000080ec000 	/System/Library/Frameworks/Cocoa.framework/Versions/A/Cocoa
0x00000000080ec000 	/System/Library/Frameworks/Security.framework/Versions/A/Security
0x00000000080ec000 	/System/Library/Frameworks/ApplicationServices.framework/Versions/A/ApplicationServices
0x00000000080ec000 	/usr/lib/libz.1.dylib
0x00000000080ec000 	/usr/lib/libSystem.B.dylib
0x00000000080ec000 	/usr/lib/libobjc.A.dylib
0x00000000080ec000 	/System/Library/Frameworks/CoreFoundation.framework/Versions/A/CoreFoundation
0x00000000080ec000 	/System/Library/Frameworks/Foundation.framework/Versions/C/Foundation
0x00000000080ec000 	/System/Library/Frameworks/AppKit.framework/Versions/C/AppKit
0x00000000080ec000 	/System/Library/Frameworks/CoreData.framework/Versions/A/CoreData
0x00000000080ec000 	/System/Library/PrivateFrameworks/RemoteViewServices.framework/Versions/A/RemoteViewServices
0x00000000080ec000 	/System/Library/PrivateFrameworks/UIFoundation.framework/Versions/A/UIFoundation
0x00000000080ec000 	/System/Library/Frameworks/IOSurface.framework/Versions/A/IOSurface
0x00000000080ec000 	/System/Library/Frameworks/AudioToolbox.framework/Versions/A/AudioToolbox
0x00000000080ec000 	/System/Library/Frameworks/AudioUnit.framework/Versions/A/AudioUnit
0x00000000080ec000 	/System/Library/PrivateFrameworks/DataDetectorsCore.framework/Versions/A/DataDetectorsCore
0x00000000080ec000 	/System/Library/PrivateFrameworks/DesktopServicesPriv.framework/Versions/A/DesktopServicesPriv
0x00000000080ec000 	/System/Library/Frameworks/Carbon.framework/Versions/A/Frameworks/HIToolbox.framework/Versions/A/HIToolbox
0x00000000080ec000 	/System/Library/Frameworks/QuartzCore.framework/Versions/A/QuartzCore
0x00000000080ec000 	/System/Library/Frameworks/Carbon.framework/Versions/A/Frameworks/SpeechRecognition.framework/Versions/A/SpeechRecognition
0x00000000080ec000 	/usr/lib/libauto.dylib
0x00000000080ec000 	/usr/lib/libicucore.A.dylib
0x00000000080ec000 	/usr/lib/libxml2.2.dylib
0x00000000080ec000 	/System/Library/PrivateFrameworks/CoreUI.framework/Versions/A/CoreUI
0x00000000080ec000 	/System/Library/Frameworks/CoreAudio.framework/Versions/A/CoreAudio
0x00000000080ec000 	/System/Library/Frameworks/DiskArbitration.framework/Versions/A/DiskArbitration
0x00000000080ec000 	/usr/lib/liblangid.dylib
0x00000000080ec000 	/System/Library/PrivateFrameworks/MultitouchSupport.framework/Versions/A/MultitouchSupport
0x00000000080ec000 	/System/Library/Frameworks/IOKit.framework/Versions/A/IOKit
0x00000000080ec000 	/usr/lib/libDiagnosticMessagesClient.dylib
0x00000000080ec000 	/System/Library/Frameworks/CoreServices.framework/Versions/A/CoreServices
0x00000000080ec000 	/System/Library/PrivateFrameworks/PerformanceAnalysis.framework/Versions/A/PerformanceAnalysis
0x00000000080ec000 	/System/Library/PrivateFrameworks/GenerationalStorage.framework/Versions/A/GenerationalStorage
0x00000000080ec000 	/System/Library/Frameworks/OpenGL.framework/Versions/A/OpenGL
0x00000000080ec000 	/System/Library/PrivateFrameworks/Sharing.framework/Versions/A/Sharing
0x00000000080ec000 	/System/Library/Frameworks/CoreGraphics.framework/Versions/A/CoreGraphics
0x00000000080ec000 	/System/Library/Frameworks/CoreText.framework/Versions/A/CoreText
0x00000000080ec000 	/System/Library/Frameworks/ImageIO.framework/Versions/A/ImageIO
0x00000000080ec000 	/usr/lib/libextension.dylib
0x00000000080ec000 	/System/Library/PrivateFrameworks/Backup.framework/Versions/A/Backup
0x00000000080ec000 	/usr/lib/libarchive.2.dylib
0x00000000080ec000 	/System/Library/Frameworks/CFNetwork.framework/Versions/A/CFNetwork
0x00000000080ec000 	/System/Library/Frameworks/SystemConfiguration.framework/Versions/A/SystemConfiguration
0x00000000080ec000 	/usr/lib/libCRFSuite.dylib
0x00000000080ec000 	/usr/lib/libc++.1.dylib
0x00000000080ec000 	/usr/lib/libc++abi.dylib
0x00000000080ec000 	/usr/lib/system/libcache.dylib
0x00000000080ec000 	/usr/lib/system/libcommonCrypto.dylib
0x00000000080ec000 	/usr/lib/system/libcompiler_rt.dylib
0x00000000080ec000 	/usr/lib/system/libcopyfile.dylib
0x00000000080ec000 	/usr/lib/system/libcorecrypto.dylib
0x00000000080ec000 	/usr/lib/system/libdispatch.dylib
0x00000000080ec000 	/usr/lib/system/libdyld.dylib
0x00000000080ec000 	/usr/lib/system/libkeymgr.dylib
0x00000000080ec000 	/usr/lib/system/liblaunch.dylib
0x00000000080ec000 	/usr/lib/system/libmacho.dylib
0x00000000080ec000 	/usr/lib/system/libquarantine.dylib
0x00000000080ec000 	/usr/lib/system/libremovefile.dylib
0x00000000080ec000 	/usr/lib/system/libsystem_asl.dylib
0x00000000080ec000 	/usr/lib/system/libsystem_blocks.dylib
0x00000000080ec000 	/usr/lib/system/libsystem_c.dylib
0x00000000080ec000 	/usr/lib/system/libsystem_configuration.dylib
0x00000000080ec000 	/usr/lib/system/libsystem_coreservices.dylib
0x00000000080ec000 	/usr/lib/system/libsystem_coretls.dylib
0x00000000080ec000 	/usr/lib/system/libsystem_dnssd.dylib
0x00000000080ec000 	/usr/lib/system/libsystem_info.dylib
0x00000000080ec000 	/usr/lib/system/libsystem_kernel.dylib
0x00000000080ec000 	/usr/lib/system/libsystem_m.dylib
0x00000000080ec000 	/usr/lib/system/libsystem_malloc.dylib
0x00000000080ec000 	/usr/lib/system/libsystem_network.dylib
0x00000000080ec000 	/usr/lib/system/libsystem_networkextension.dylib
0x00000000080ec000 	/usr/lib/system/libsystem_notify.dylib
0x00000000080ec000 	/usr/lib/system/libsystem_platform.dylib
0x00000000080ec000 	/usr/lib/system/libsystem_pthread.dylib
0x00000000080ec000 	/usr/lib/system/libsystem_sandbox.dylib
0x00000000080ec000 	/usr/lib/system/libsystem_secinit.dylib
0x00000000080ec000 	/usr/lib/system/libsystem_stats.dylib
0x00000000080ec000 	/usr/lib/system/libsystem_trace.dylib
0x00000000080ec000 	/usr/lib/system/libunc.dylib
0x00000000080ec000 	/usr/lib/system/libunwind.dylib
0x00000000080ec000 	/usr/lib/system/libxpc.dylib
0x00000000080ec000 	/usr/lib/libbz2.1.0.dylib
0x00000000080ec000 	/usr/lib/liblzma.5.dylib
0x00000000080ec000 	/usr/lib/libbsm.0.dylib
0x00000000080ec000 	/usr/lib/libsqlite3.dylib
0x00000000080ec000 	/usr/lib/system/libkxld.dylib
0x00000000080ec000 	/usr/lib/libxar.1.dylib
0x00000000080ec000 	/usr/lib/libpam.2.dylib
0x00000000080ec000 	/usr/lib/libOpenScriptingUtil.dylib
0x00000000080ec000 	/System/Library/Frameworks/CoreServices.framework/Versions/A/Frameworks/FSEvents.framework/Versions/A/FSEvents
0x00000000080ec000 	/System/Library/Frameworks/CoreServices.framework/Versions/A/Frameworks/CarbonCore.framework/Versions/A/CarbonCore
0x00000000080ec000 	/System/Library/Frameworks/CoreServices.framework/Versions/A/Frameworks/Metadata.framework/Versions/A/Metadata
0x00000000080ec000 	/System/Library/Frameworks/CoreServices.framework/Versions/A/Frameworks/OSServices.framework/Versions/A/OSServices
0x00000000080ec000 	/System/Library/Frameworks/CoreServices.framework/Versions/A/Frameworks/SearchKit.framework/Versions/A/SearchKit
0x00000000080ec000 	/System/Library/Frameworks/CoreServices.framework/Versions/A/Frameworks/AE.framework/Versions/A/AE
0x00000000080ec000 	/System/Library/Frameworks/CoreServices.framework/Versions/A/Frameworks/LaunchServices.framework/Versions/A/LaunchServices
0x00000000080ec000 	/System/Library/Frameworks/CoreServices.framework/Versions/A/Frameworks/DictionaryServices.framework/Versions/A/DictionaryServices
0x00000000080ec000 	/System/Library/Frameworks/NetFS.framework/Versions/A/NetFS
0x00000000080ec000 	/System/Library/PrivateFrameworks/NetAuth.framework/Versions/A/NetAuth
0x00000000080ec000 	/System/Library/PrivateFrameworks/login.framework/Versions/A/Frameworks/loginsupport.framework/Versions/A/loginsupport
0x00000000080ec000 	/System/Library/PrivateFrameworks/TCC.framework/Versions/A/TCC
0x00000000080ec000 	/usr/lib/libmecabra.dylib
0x00000000080ec000 	/System/Library/Frameworks/ApplicationServices.framework/Versions/A/Frameworks/ATS.framework/Versions/A/ATS
0x00000000080ec000 	/System/Library/Frameworks/ApplicationServices.framework/Versions/A/Frameworks/ColorSync.framework/Versions/A/ColorSync
0x00000000080ec000 	/System/Library/Frameworks/ApplicationServices.framework/Versions/A/Frameworks/HIServices.framework/Versions/A/HIServices
0x00000000080ec000 	/System/Library/Frameworks/ApplicationServices.framework/Versions/A/Frameworks/LangAnalysis.framework/Versions/A/LangAnalysis
0x00000000080ec000 	/System/Library/Frameworks/ApplicationServices.framework/Versions/A/Frameworks/PrintCore.framework/Versions/A/PrintCore
0x00000000080ec000 	/System/Library/Frameworks/ApplicationServices.framework/Versions/A/Frameworks/QD.framework/Versions/A/QD
0x00000000080ec000 	/System/Library/Frameworks/ApplicationServices.framework/Versions/A/Frameworks/SpeechSynthesis.framework/Versions/A/SpeechSynthesis
0x00000000080ec000 	/System/Library/Frameworks/Accelerate.framework/Versions/A/Accelerate
0x00000000080ec000 	/System/Library/Frameworks/Accelerate.framework/Versions/A/Frameworks/vImage.framework/Versions/A/vImage
0x00000000080ec000 	/System/Library/Frameworks/Accelerate.framework/Versions/A/Frameworks/vecLib.framework/Versions/A/vecLib
0x00000000080ec000 	/System/Library/Frameworks/Accelerate.framework/Versions/A/Frameworks/vecLib.framework/Versions/A/libvDSP.dylib
0x00000000080ec000 	/System/Library/Frameworks/Accelerate.framework/Versions/A/Frameworks/vecLib.framework/Versions/A/libvMisc.dylib
0x00000000080ec000 	/System/Library/Frameworks/Accelerate.framework/Versions/A/Frameworks/vecLib.framework/Versions/A/libLAPACK.dylib
0x00000000080ec000 	/System/Library/Frameworks/Accelerate.framework/Versions/A/Frameworks/vecLib.framework/Versions/A/libBLAS.dylib
0x00000000080ec000 	/System/Library/Frameworks/Accelerate.framework/Versions/A/Frameworks/vecLib.framework/Versions/A/libLinearAlgebra.dylib
0x00000000080ec000 	/System/Library/Frameworks/ApplicationServices.framework/Versions/A/Frameworks/ATS.framework/Versions/A/Resources/libFontParser.dylib
0x00000000080ec000 	/System/Library/Frameworks/ApplicationServices.framework/Versions/A/Frameworks/ATS.framework/Versions/A/Resources/libFontRegistry.dylib
0x00000000080ec000 	/System/Library/PrivateFrameworks/AppleVPA.framework/Versions/A/AppleVPA
0x00000000080ec000 	/System/Library/PrivateFrameworks/AppleJPEG.framework/Versions/A/AppleJPEG
0x00000000080ec000 	/System/Library/Frameworks/ImageIO.framework/Versions/A/Resources/libJPEG.dylib
0x00000000080ec000 	/System/Library/Frameworks/ImageIO.framework/Versions/A/Resources/libTIFF.dylib
0x00000000080ec000 	/System/Library/Frameworks/ImageIO.framework/Versions/A/Resources/libPng.dylib
0x00000000080ec000 	/System/Library/Frameworks/ImageIO.framework/Versions/A/Resources/libGIF.dylib
0x00000000080ec000 	/System/Library/Frameworks/ImageIO.framework/Versions/A/Resources/libJP2.dylib
0x00000000080ec000 	/System/Library/Frameworks/ImageIO.framework/Versions/A/Resources/libRadiance.dylib
0x00000000080ec000 	/System/Library/Frameworks/CoreVideo.framework/Versions/A/CoreVideo
0x00000000080ec000 	/System/Library/Frameworks/OpenGL.framework/Versions/A/Libraries/libGLU.dylib
0x00000000080ec000 	/System/Library/Frameworks/OpenGL.framework/Versions/A/Libraries/libGFXShared.dylib
0x00000000080ec000 	/System/Library/Frameworks/OpenGL.framework/Versions/A/Libraries/libGL.dylib
0x00000000080ec000 	/System/Library/Frameworks/OpenGL.framework/Versions/A/Libraries/libGLImage.dylib
0x00000000080ec000 	/System/Library/Frameworks/OpenGL.framework/Versions/A/Libraries/libCVMSPluginSupport.dylib
0x00000000080ec000 	/System/Library/Frameworks/OpenGL.framework/Versions/A/Libraries/libCoreVMClient.dylib
0x00000000080ec000 	/usr/lib/libcups.2.dylib
0x00000000080ec000 	/System/Library/Frameworks/Kerberos.framework/Versions/A/Kerberos
0x00000000080ec000 	/System/Library/Frameworks/GSS.framework/Versions/A/GSS
0x00000000080ec000 	/usr/lib/libresolv.9.dylib
0x00000000080ec000 	/usr/lib/libiconv.2.dylib
0x00000000080ec000 	/System/Library/PrivateFrameworks/Heimdal.framework/Versions/A/Heimdal
0x00000000080ec000 	/usr/lib/libheimdal-asn1.dylib
0x00000000080ec000 	/System/Library/Frameworks/OpenDirectory.framework/Versions/A/OpenDirectory
0x00000000080ec000 	/System/Library/PrivateFrameworks/CommonAuth.framework/Versions/A/CommonAuth
0x00000000080ec000 	/System/Library/Frameworks/OpenDirectory.framework/Versions/A/Frameworks/CFOpenDirectory.framework/Versions/A/CFOpenDirectory
0x00000000080ec000 	/System/Library/Frameworks/SecurityFoundation.framework/Versions/A/SecurityFoundation
0x00000000080ec000 	/System/Library/PrivateFrameworks/LanguageModeling.framework/Versions/A/LanguageModeling
0x00000000080ec000 	/usr/lib/libcmph.dylib
0x00000000080ec000 	/System/Library/Frameworks/ServiceManagement.framework/Versions/A/ServiceManagement
0x00000000080ec000 	/usr/lib/libxslt.1.dylib
0x00000000080ec000 	/System/Library/Frameworks/Carbon.framework/Versions/A/Frameworks/Ink.framework/Versions/A/Ink
0x00000000080ec000 	/System/Library/Frameworks/QuartzCore.framework/Versions/A/Frameworks/CoreImage.framework/Versions/A/CoreImage
0x00000000080ec000 	/System/Library/PrivateFrameworks/CrashReporterSupport.framework/Versions/A/CrashReporterSupport
0x00000000080ec000 	/System/Library/Frameworks/OpenCL.framework/Versions/A/OpenCL
0x00000000080ec000 	/System/Library/PrivateFrameworks/FaceCore.framework/Versions/A/FaceCore
0x00000000080ec000 	/System/Library/PrivateFrameworks/Ubiquity.framework/Versions/A/Ubiquity
0x00000000080ec000 	/System/Library/PrivateFrameworks/IconServices.framework/Versions/A/IconServices
0x00000000080ec000 	/System/Library/PrivateFrameworks/ChunkingLibrary.framework/Versions/A/ChunkingLibrary
0x00000000080ec000 	/System/Library/PrivateFrameworks/Apple80211.framework/Versions/A/Apple80211
0x00000000080ec000 	/System/Library/Frameworks/CoreWLAN.framework/Versions/A/CoreWLAN
0x00000000080ec000 	/System/Library/Frameworks/IOBluetooth.framework/Versions/A/IOBluetooth
0x00000000080ec000 	/System/Library/PrivateFrameworks/CoreWiFi.framework/Versions/A/CoreWiFi
0x00000000080ec000 	/System/Library/Frameworks/CoreBluetooth.framework/Versions/A/CoreBluetooth
0x00000000080ec000 	/System/Library/PrivateFrameworks/DebugSymbols.framework/Versions/A/DebugSymbols
0x00000000080ec000 	/System/Library/PrivateFrameworks/CoreSymbolication.framework/Versions/A/CoreSymbolication
0x00000000080ec000 	/System/Library/PrivateFrameworks/Symbolication.framework/Versions/A/Symbolication
0x00000000080ec000 	/System/Library/PrivateFrameworks/SpeechRecognitionCore.framework/Versions/A/SpeechRecognitionCore
0x0000000108c00000 	/Library/Java/JavaVirtualMachines/jdk1.8.0_31.jdk/Contents/Home/jre/lib/server/libjvm.dylib
0x00000000080ec000 	/usr/lib/libstdc++.6.dylib
0x0000000107bc4000 	/Library/Java/JavaVirtualMachines/jdk1.8.0_31.jdk/Contents/Home/jre/lib/libverify.dylib
0x0000000109c22000 	/Library/Java/JavaVirtualMachines/jdk1.8.0_31.jdk/Contents/Home/jre/lib/libjava.dylib
0x0000000107bdc000 	/Library/Java/JavaVirtualMachines/jdk1.8.0_31.jdk/Contents/Home/jre/lib/libzip.dylib
0x0000000107be6000 	/System/Library/Frameworks/JavaVM.framework/Frameworks/JavaRuntimeSupport.framework/JavaRuntimeSupport
0x000000012582a000 	/System/Library/Frameworks/JavaVM.framework/Versions/A/Frameworks/JavaNativeFoundation.framework/Versions/A/JavaNativeFoundation
0x000000012583f000 	/System/Library/Frameworks/JavaVM.framework/Versions/A/JavaVM
0x00000000080ec000 	/System/Library/Frameworks/Carbon.framework/Versions/A/Carbon
0x000000012584c000 	/System/Library/PrivateFrameworks/JavaLaunching.framework/Versions/A/JavaLaunching
0x00000000080ec000 	/System/Library/Frameworks/Carbon.framework/Versions/A/Frameworks/CommonPanels.framework/Versions/A/CommonPanels
0x00000000080ec000 	/System/Library/Frameworks/Carbon.framework/Versions/A/Frameworks/Help.framework/Versions/A/Help
0x00000000080ec000 	/System/Library/Frameworks/Carbon.framework/Versions/A/Frameworks/ImageCapture.framework/Versions/A/ImageCapture
0x00000000080ec000 	/System/Library/Frameworks/Carbon.framework/Versions/A/Frameworks/OpenScripting.framework/Versions/A/OpenScripting
0x00000000080ec000 	/System/Library/Frameworks/Carbon.framework/Versions/A/Frameworks/Print.framework/Versions/A/Print
0x00000000080ec000 	/System/Library/Frameworks/Carbon.framework/Versions/A/Frameworks/SecurityHI.framework/Versions/A/SecurityHI
0x00000001279f6000 	/Applications/IntelliJ IDEA 14 CE.app/Contents/bin/libbreakgen64.jnilib
0x0000000127afc000 	/Library/Java/JavaVirtualMachines/jdk1.8.0_31.jdk/Contents/Home/jre/lib/libnet.dylib
0x0000000127dd0000 	/Library/Java/JavaVirtualMachines/jdk1.8.0_31.jdk/Contents/Home/jre/lib/libawt.dylib
0x0000000127e7f000 	/Library/Java/JavaVirtualMachines/jdk1.8.0_31.jdk/Contents/Home/jre/lib/./libmlib_image.dylib
0x0000000127f4b000 	/Library/Java/JavaVirtualMachines/jdk1.8.0_31.jdk/Contents/Home/jre/lib/libawt_lwawt.dylib
0x0000000127ffe000 	/Library/Java/JavaVirtualMachines/jdk1.8.0_31.jdk/Contents/Home/jre/lib/./libosxapp.dylib
0x00000000080ec000 	/System/Library/Frameworks/ExceptionHandling.framework/Versions/A/ExceptionHandling
0x00000000080ec000 	/System/Library/PrivateFrameworks/CoreServicesInternal.framework/Versions/A/CoreServicesInternal
0x00000000080ec000 	/System/Library/PrivateFrameworks/CloudDocs.framework/Versions/A/CloudDocs
0x00000000080ec000 	/System/Library/PrivateFrameworks/CoreDuet.framework/Versions/A/CoreDuet
0x00000000080ec000 	/System/Library/Frameworks/CloudKit.framework/Versions/A/CloudKit
0x00000000080ec000 	/System/Library/PrivateFrameworks/ProtocolBuffer.framework/Versions/A/ProtocolBuffer
0x00000000080ec000 	/System/Library/PrivateFrameworks/CoreDuetDaemonProtocol.framework/Versions/A/CoreDuetDaemonProtocol
0x00000000080ec000 	/System/Library/PrivateFrameworks/CoreDuetDebugLogging.framework/Versions/A/CoreDuetDebugLogging
0x00000000080ec000 	/System/Library/Frameworks/CoreLocation.framework/Versions/A/CoreLocation
0x00000000080ec000 	/System/Library/Frameworks/Accounts.framework/Versions/A/Accounts
0x00000000080ec000 	/System/Library/PrivateFrameworks/ApplePushService.framework/Versions/A/ApplePushService
0x00000000080ec000 	/System/Library/PrivateFrameworks/GeoServices.framework/Versions/A/GeoServices
0x00000000080ec000 	/System/Library/PrivateFrameworks/OAuth.framework/Versions/A/OAuth
0x00000000080ec000 	/System/Library/PrivateFrameworks/CoreDaemon.framework/Versions/B/CoreDaemon
0x00000000080ec000 	/usr/lib/libcrypto.0.9.8.dylib
0x00000000080ec000 	/System/Library/PrivateFrameworks/AppleSRP.framework/Versions/A/AppleSRP
0x00000000080ec000 	/System/Library/PrivateFrameworks/TrustEvaluationAgent.framework/Versions/A/TrustEvaluationAgent
0x0000000129326000 	/System/Library/Frameworks/CoreGraphics.framework/Versions/A/Resources/libCGCMS.A.dylib
0x000000012a136000 	/System/Library/Frameworks/CoreGraphics.framework/Versions/A/Resources/libRIP.A.dylib
0x000000012a43b000 	/System/Library/Frameworks/CoreGraphics.framework/Versions/A/Resources/libCGXType.A.dylib
0x00000000080ec000 	/System/Library/Frameworks/OpenCL.framework/Versions/A/Libraries/libcldcpuengine.dylib
0x00000000080ec000 	/System/Library/PrivateFrameworks/DiskImages.framework/Versions/A/DiskImages
0x00000000080ec000 	/System/Library/Frameworks/DiscRecording.framework/Versions/A/DiscRecording
0x00000000080ec000 	/usr/lib/libcsfde.dylib
0x00000000080ec000 	/usr/lib/libcurl.4.dylib
0x00000000080ec000 	/System/Library/PrivateFrameworks/MediaKit.framework/Versions/A/MediaKit
0x00000000080ec000 	/System/Library/PrivateFrameworks/ProtectedCloudStorage.framework/Versions/A/ProtectedCloudStorage
0x00000000080ec000 	/usr/lib/libCoreStorage.dylib
0x00000000080ec000 	/System/Library/PrivateFrameworks/EFILogin.framework/Versions/A/EFILogin
0x00000000080ec000 	/usr/lib/libutil.dylib
0x00000000080ec000 	/System/Library/PrivateFrameworks/FindMyDevice.framework/Versions/A/FindMyDevice
0x00000000080ec000 	/System/Library/Frameworks/LDAP.framework/Versions/A/LDAP
0x00000000080ec000 	/usr/lib/libsasl2.2.dylib
0x000000012aeab000 	cl_kernels
0x000000012aead000 	/System/Library/Frameworks/OpenCL.framework/Versions/A/Libraries/ImageFormats/unorm8_bgra.dylib
0x000000012ae9d000 	cl_kernels
0x00000000080ec000 	/System/Library/PrivateFrameworks/FamilyControls.framework/Versions/A/FamilyControls
0x00000000080ec000 	/System/Library/PrivateFrameworks/CommerceKit.framework/Versions/A/Frameworks/CommerceCore.framework/Versions/A/CommerceCore
0x00000000080ec000 	/System/Library/PrivateFrameworks/SystemAdministration.framework/Versions/A/SystemAdministration
0x00000000080ec000 	/System/Library/PrivateFrameworks/AppContainer.framework/Versions/A/AppContainer
0x00000000080ec000 	/System/Library/PrivateFrameworks/SecCodeWrapper.framework/Versions/A/SecCodeWrapper
0x00000000080ec000 	/System/Library/Frameworks/DirectoryService.framework/Versions/A/DirectoryService
0x00000000080ec000 	/System/Library/PrivateFrameworks/LoginUIKit.framework/Versions/A/Frameworks/LoginUICore.framework/Versions/A/LoginUICore
0x00000000080ec000 	/usr/lib/libodfde.dylib
0x000000012c358000 	/Library/Java/JavaVirtualMachines/jdk1.8.0_31.jdk/Contents/Home/jre/lib/libfontmanager.dylib
0x000000012c3bf000 	/Users/jbetz/projects/opengl-skeleton/build/natives/osx/liblwjgl.dylib
0x000000012a347000 	/Library/Java/JavaVirtualMachines/jdk1.8.0_31.jdk/Contents/Home/jre/lib/libjawt.dylib
0x000000012c441000 	/System/Library/Frameworks/OpenGL.framework/Resources/GLEngine.bundle/GLEngine
0x00000000080ec000 	/System/Library/Frameworks/OpenGL.framework/Versions/A/Libraries/libGLProgrammability.dylib
0x0000000000000000 	/System/Library/Extensions/AppleIntelHD5000GraphicsGLDriver.bundle/Contents/MacOS/AppleIntelHD5000GraphicsGLDriver
0x00000000080ec000 	/System/Library/PrivateFrameworks/IOAccelerator.framework/Versions/A/IOAccelerator
0x00000000080ec000 	/System/Library/PrivateFrameworks/GPUSupport.framework/Versions/A/Libraries/libGPUSupportMercury.dylib
0x000000012c62c000 	/System/Library/Frameworks/OpenGL.framework/Resources//GLRendererFloat.bundle/GLRendererFloat

VM Arguments:
jvm_args: -Djava.library.path=build/natives/osx -Didea.launcher.port=7533 -Didea.launcher.bin.path=/Applications/IntelliJ IDEA 14 CE.app/Contents/bin -Dfile.encoding=UTF-8 
java_command: com.intellij.rt.execution.application.AppMain hello.HelloWorld
java_class_path (initial): /Library/Java/JavaVirtualMachines/jdk1.8.0_31.jdk/Contents/Home/lib/ant-javafx.jar:/Library/Java/JavaVirtualMachines/jdk1.8.0_31.jdk/Contents/Home/lib/dt.jar:/Library/Java/JavaVirtualMachines/jdk1.8.0_31.jdk/Contents/Home/lib/javafx-mx.jar:/Library/Java/JavaVirtualMachines/jdk1.8.0_31.jdk/Contents/Home/lib/jconsole.jar:/Library/Java/JavaVirtualMachines/jdk1.8.0_31.jdk/Contents/Home/lib/sa-jdi.jar:/Library/Java/JavaVirtualMachines/jdk1.8.0_31.jdk/Contents/Home/lib/tools.jar:/Library/Java/JavaVirtualMachines/jdk1.8.0_31.jdk/Contents/Home/jre/lib/charsets.jar:/Library/Java/JavaVirtualMachines/jdk1.8.0_31.jdk/Contents/Home/jre/lib/deploy.jar:/Library/Java/JavaVirtualMachines/jdk1.8.0_31.jdk/Contents/Home/jre/lib/javaws.jar:/Library/Java/JavaVirtualMachines/jdk1.8.0_31.jdk/Contents/Home/jre/lib/jce.jar:/Library/Java/JavaVirtualMachines/jdk1.8.0_31.jdk/Contents/Home/jre/lib/jfr.jar:/Library/Java/JavaVirtualMachines/jdk1.8.0_31.jdk/Contents/Home/jre/lib/jfxswt.jar:/Library/Java/JavaVirtualMachines/jdk1.8.0_31.jdk/Contents/Home/jre/lib/jsse.jar:/Library/Java/JavaVirtualMachines/jdk1.8.0_31.jdk/Contents/Home/jre/lib/management-agent.jar:/Library/Java/JavaVirtualMachines/jdk1.8.0_31.jdk/Contents/Home/jre/lib/plugin.jar:/Library/Java/JavaVirtualMachines/jdk1.8.0_31.jdk/Contents/Home/jre/lib/resources.jar:/Library/Java/JavaVirtualMachines/jdk1.8.0_31.jdk/Contents/Home/jre/lib/rt.jar:/Library/Java/JavaVirtualMachines/jdk1.8.0_31.jdk/Contents/Home/jre/lib/ext/cldrdata.jar:/Library/Java/JavaVirtualMachines/jdk1.8.0_31.jdk/Contents/Home/jre/lib/ext/dnsns.jar:/Library/Java/JavaVirtualMachines/jdk1.8.0_31.jdk/Contents/Home/jre/lib/ext/jfxrt.jar:/Library/Java/JavaVirtualMachines/jdk1.8.0_31.jdk/Contents/Home/jre/lib/ext/localedata.jar:/Library/Java/JavaVirtualMachines/jdk1.8.0_31.jdk/Contents/Home/jre/lib/ext/nashorn.jar:/Library/Java/JavaVirtualMachines/jdk1.8.0_31.jdk/Contents/Home/jre/lib/ext/sunec.jar:/Library/Java/JavaVirtualMachines/jdk1.8.0_31.jdk/C
Launcher Type: SUN_STANDARD

Environment Variables:
JAVA_HOME=/Library/Java/JavaVirtualMachines/jdk1.7.0_75.jdk/Contents/Home
PATH=/Users/jbetz/base/phacility/arcanist/bin:/Users/jbetz/bin:/usr/local/bin:/Users/jbetz/base/phacility/arcanist/bin:/Users/jbetz/bin:/usr/local/bin:/usr/local/sbin:/usr/bin:/bin:/usr/sbin:/sbin:/usr/local/munki
SHELL=/bin/zsh

Signal Handlers:
SIGSEGV: [libjvm.dylib+0x57a0e7], sa_mask[0]=11111111011111110111111111111111, sa_flags=SA_ONSTACK|SA_RESTART|SA_SIGINFO
SIGBUS: [libjvm.dylib+0x57a0e7], sa_mask[0]=11111111011111110111111111111111, sa_flags=SA_RESTART|SA_SIGINFO
SIGFPE: [libjvm.dylib+0x45af24], sa_mask[0]=11111111011111110111111111111111, sa_flags=SA_RESTART|SA_SIGINFO
SIGPIPE: [libjvm.dylib+0x45af24], sa_mask[0]=11111111011111110111111111111111, sa_flags=SA_RESTART|SA_SIGINFO
SIGXFSZ: [libjvm.dylib+0x45af24], sa_mask[0]=11111111011111110111111111111111, sa_flags=SA_RESTART|SA_SIGINFO
SIGILL: [libjvm.dylib+0x45af24], sa_mask[0]=11111111011111110111111111111111, sa_flags=SA_RESTART|SA_SIGINFO
SIGUSR1: SIG_DFL, sa_mask[0]=00000000000000000000000000000000, sa_flags=none
SIGUSR2: [libjvm.dylib+0x45aa42], sa_mask[0]=00100000000000000000000000000000, sa_flags=SA_RESTART|SA_SIGINFO
SIGHUP: [libjvm.dylib+0x459015], sa_mask[0]=11111111011111110111111111111111, sa_flags=SA_RESTART|SA_SIGINFO
SIGINT: [libjvm.dylib+0x459015], sa_mask[0]=11111111011111110111111111111111, sa_flags=SA_RESTART|SA_SIGINFO
SIGTERM: [libjvm.dylib+0x459015], sa_mask[0]=11111111011111110111111111111111, sa_flags=SA_RESTART|SA_SIGINFO
SIGQUIT: [libjvm.dylib+0x459015], sa_mask[0]=11111111011111110111111111111111, sa_flags=SA_RESTART|SA_SIGINFO


---------------  S Y S T E M  ---------------

OS:Bsduname:Darwin 14.1.0 Darwin Kernel Version 14.1.0: Mon Dec 22 23:10:38 PST 2014; root:xnu-2782.10.72~2/RELEASE_X86_64 x86_64
rlimit: STACK 8192k, CORE 0k, NPROC 709, NOFILE 10240, AS infinity
load average:3.99 2.76 2.34

CPU:total 8 (4 cores per cpu, 2 threads per core) family 6 model 70 stepping 1, cmov, cx8, fxsr, mmx, sse, sse2, sse3, ssse3, sse4.1, sse4.2, popcnt, avx, avx2, aes, clmul, erms, lzcnt, ht, tsc, tscinvbit, bmi1, bmi2

Memory: 4k page, physical 16777216k(517272k free)

/proc/meminfo:


vm_info: Java HotSpot(TM) 64-Bit Server VM (25.31-b07) for bsd-amd64 JRE (1.8.0_31-b13), built on Dec 17 2014 20:45:36 by "java_re" with gcc 4.2.1 (Based on Apple Inc. build 5658) (LLVM build 2336.11.00)

time: Thu Feb 19 15:24:51 2015
elapsed time: 4 seconds (0d 0h 0m 4s)

